[0.453s] Invoking command in '/home/atoz/ros2_ws/src/my_robot_sim': PYTHONPATH=/home/atoz/ros2_ws/src/my_robot_sim/build/my_robot_sim/prefix_override:/usr/lib/python3/dist-packages/colcon_core/task/python/colcon_distutils_commands:/home/atoz/ros2_ws/src/my_robot_sim/install/my_robot_sim/lib/python3.10/site-packages:${PYTHONPATH} /usr/bin/python3 -W ignore:setup.py install is deprecated -W ignore:easy_install command is deprecated setup.py egg_info --egg-base build/my_robot_sim build --build-base /home/atoz/ros2_ws/src/my_robot_sim/build/my_robot_sim/build install --record /home/atoz/ros2_ws/src/my_robot_sim/build/my_robot_sim/install.log --single-version-externally-managed install_data
[0.617s] running egg_info
[0.618s] creating build/my_robot_sim/my_robot_sim.egg-info
[0.618s] writing build/my_robot_sim/my_robot_sim.egg-info/PKG-INFO
[0.618s] writing dependency_links to build/my_robot_sim/my_robot_sim.egg-info/dependency_links.txt
[0.618s] writing entry points to build/my_robot_sim/my_robot_sim.egg-info/entry_points.txt
[0.618s] writing requirements to build/my_robot_sim/my_robot_sim.egg-info/requires.txt
[0.618s] writing top-level names to build/my_robot_sim/my_robot_sim.egg-info/top_level.txt
[0.618s] writing manifest file 'build/my_robot_sim/my_robot_sim.egg-info/SOURCES.txt'
[0.619s] reading manifest file 'build/my_robot_sim/my_robot_sim.egg-info/SOURCES.txt'
[0.620s] writing manifest file 'build/my_robot_sim/my_robot_sim.egg-info/SOURCES.txt'
[0.620s] running build
[0.620s] running build_py
[0.620s] creating /home/atoz/ros2_ws/src/my_robot_sim/build/my_robot_sim/build
[0.620s] creating /home/atoz/ros2_ws/src/my_robot_sim/build/my_robot_sim/build/lib
[0.620s] creating /home/atoz/ros2_ws/src/my_robot_sim/build/my_robot_sim/build/lib/my_robot_sim
[0.620s] copying my_robot_sim/pointcloud_to_scan.py -> /home/atoz/ros2_ws/src/my_robot_sim/build/my_robot_sim/build/lib/my_robot_sim
[0.621s] copying my_robot_sim/__init__.py -> /home/atoz/ros2_ws/src/my_robot_sim/build/my_robot_sim/build/lib/my_robot_sim
[0.621s] running install
[0.621s] running install_lib
[0.621s] creating /home/atoz/ros2_ws/src/my_robot_sim/install/my_robot_sim/lib/python3.10/site-packages/my_robot_sim
[0.621s] copying /home/atoz/ros2_ws/src/my_robot_sim/build/my_robot_sim/build/lib/my_robot_sim/pointcloud_to_scan.py -> /home/atoz/ros2_ws/src/my_robot_sim/install/my_robot_sim/lib/python3.10/site-packages/my_robot_sim
[0.621s] copying /home/atoz/ros2_ws/src/my_robot_sim/build/my_robot_sim/build/lib/my_robot_sim/__init__.py -> /home/atoz/ros2_ws/src/my_robot_sim/install/my_robot_sim/lib/python3.10/site-packages/my_robot_sim
[0.621s] byte-compiling /home/atoz/ros2_ws/src/my_robot_sim/install/my_robot_sim/lib/python3.10/site-packages/my_robot_sim/pointcloud_to_scan.py to pointcloud_to_scan.cpython-310.pyc
[0.622s] byte-compiling /home/atoz/ros2_ws/src/my_robot_sim/install/my_robot_sim/lib/python3.10/site-packages/my_robot_sim/__init__.py to __init__.cpython-310.pyc
[0.622s] running install_data
[0.622s] creating /home/atoz/ros2_ws/src/my_robot_sim/install/my_robot_sim/share/ament_index
[0.622s] creating /home/atoz/ros2_ws/src/my_robot_sim/install/my_robot_sim/share/ament_index/resource_index
[0.622s] creating /home/atoz/ros2_ws/src/my_robot_sim/install/my_robot_sim/share/ament_index/resource_index/packages
[0.622s] copying resource/my_robot_sim -> /home/atoz/ros2_ws/src/my_robot_sim/install/my_robot_sim/share/ament_index/resource_index/packages
[0.622s] copying package.xml -> /home/atoz/ros2_ws/src/my_robot_sim/install/my_robot_sim/share/my_robot_sim
[0.622s] running install_egg_info
[0.623s] Copying build/my_robot_sim/my_robot_sim.egg-info to /home/atoz/ros2_ws/src/my_robot_sim/install/my_robot_sim/lib/python3.10/site-packages/my_robot_sim-0.0.0-py3.10.egg-info
[0.624s] running install_scripts
[0.639s] Installing pointcloud_to_scan script to /home/atoz/ros2_ws/src/my_robot_sim/install/my_robot_sim/bin
[0.639s] writing list of installed files to '/home/atoz/ros2_ws/src/my_robot_sim/build/my_robot_sim/install.log'
[0.661s] Invoked command in '/home/atoz/ros2_ws/src/my_robot_sim' returned '0': PYTHONPATH=/home/atoz/ros2_ws/src/my_robot_sim/build/my_robot_sim/prefix_override:/usr/lib/python3/dist-packages/colcon_core/task/python/colcon_distutils_commands:/home/atoz/ros2_ws/src/my_robot_sim/install/my_robot_sim/lib/python3.10/site-packages:${PYTHONPATH} /usr/bin/python3 -W ignore:setup.py install is deprecated -W ignore:easy_install command is deprecated setup.py egg_info --egg-base build/my_robot_sim build --build-base /home/atoz/ros2_ws/src/my_robot_sim/build/my_robot_sim/build install --record /home/atoz/ros2_ws/src/my_robot_sim/build/my_robot_sim/install.log --single-version-externally-managed install_data
