[0.186s] Invoking command in '/home/atoz/ros2_ws/build/omo_r1mini_bringup': CMAKE_PREFIX_PATH=${CMAKE_PREFIX_PATH}:/home/atoz/ros2_ws/install/my_robot_sim:/opt/ros/humble /usr/bin/cmake --build /home/atoz/ros2_ws/build/omo_r1mini_bringup -- -j12 -l12
[0.227s] Invoked command in '/home/atoz/ros2_ws/build/omo_r1mini_bringup' returned '0': CMAKE_PREFIX_PATH=${CMAKE_PREFIX_PATH}:/home/atoz/ros2_ws/install/my_robot_sim:/opt/ros/humble /usr/bin/cmake --build /home/atoz/ros2_ws/build/omo_r1mini_bringup -- -j12 -l12
[0.228s] Invoking command in '/home/atoz/ros2_ws/build/omo_r1mini_bringup': CMAKE_PREFIX_PATH=${CMAKE_PREFIX_PATH}:/home/atoz/ros2_ws/install/my_robot_sim:/opt/ros/humble /usr/bin/cmake --install /home/atoz/ros2_ws/build/omo_r1mini_bringup
[0.235s] -- Install configuration: ""
[0.235s] -- Up-to-date: /home/atoz/ros2_ws/install/omo_r1mini_bringup/share/ament_index/resource_index/package_run_dependencies/omo_r1mini_bringup
[0.235s] -- Up-to-date: /home/atoz/ros2_ws/install/omo_r1mini_bringup/share/ament_index/resource_index/parent_prefix_path/omo_r1mini_bringup
[0.235s] -- Up-to-date: /home/atoz/ros2_ws/install/omo_r1mini_bringup/share/omo_r1mini_bringup/environment/ament_prefix_path.sh
[0.235s] -- Up-to-date: /home/atoz/ros2_ws/install/omo_r1mini_bringup/share/omo_r1mini_bringup/environment/ament_prefix_path.dsv
[0.235s] -- Up-to-date: /home/atoz/ros2_ws/install/omo_r1mini_bringup/share/omo_r1mini_bringup/environment/path.sh
[0.235s] -- Up-to-date: /home/atoz/ros2_ws/install/omo_r1mini_bringup/share/omo_r1mini_bringup/environment/path.dsv
[0.236s] -- Up-to-date: /home/atoz/ros2_ws/install/omo_r1mini_bringup/share/omo_r1mini_bringup/local_setup.bash
[0.236s] -- Up-to-date: /home/atoz/ros2_ws/install/omo_r1mini_bringup/share/omo_r1mini_bringup/local_setup.sh
[0.236s] -- Up-to-date: /home/atoz/ros2_ws/install/omo_r1mini_bringup/share/omo_r1mini_bringup/local_setup.zsh
[0.236s] -- Up-to-date: /home/atoz/ros2_ws/install/omo_r1mini_bringup/share/omo_r1mini_bringup/local_setup.dsv
[0.236s] -- Installing: /home/atoz/ros2_ws/install/omo_r1mini_bringup/share/omo_r1mini_bringup/package.dsv
[0.236s] -- Up-to-date: /home/atoz/ros2_ws/install/omo_r1mini_bringup/share/ament_index/resource_index/packages/omo_r1mini_bringup
[0.236s] -- Up-to-date: /home/atoz/ros2_ws/install/omo_r1mini_bringup/share/omo_r1mini_bringup/cmake/omo_r1mini_bringupConfig.cmake
[0.236s] -- Up-to-date: /home/atoz/ros2_ws/install/omo_r1mini_bringup/share/omo_r1mini_bringup/cmake/omo_r1mini_bringupConfig-version.cmake
[0.236s] -- Up-to-date: /home/atoz/ros2_ws/install/omo_r1mini_bringup/share/omo_r1mini_bringup/package.xml
[0.237s] Invoked command in '/home/atoz/ros2_ws/build/omo_r1mini_bringup' returned '0': CMAKE_PREFIX_PATH=${CMAKE_PREFIX_PATH}:/home/atoz/ros2_ws/install/my_robot_sim:/opt/ros/humble /usr/bin/cmake --install /home/atoz/ros2_ws/build/omo_r1mini_bringup
