running egg_info
writing ../../build/my_robot_sim/my_robot_sim.egg-info/PKG-INFO
writing dependency_links to ../../build/my_robot_sim/my_robot_sim.egg-info/dependency_links.txt
writing entry points to ../../build/my_robot_sim/my_robot_sim.egg-info/entry_points.txt
writing requirements to ../../build/my_robot_sim/my_robot_sim.egg-info/requires.txt
writing top-level names to ../../build/my_robot_sim/my_robot_sim.egg-info/top_level.txt
reading manifest file '../../build/my_robot_sim/my_robot_sim.egg-info/SOURCES.txt'
writing manifest file '../../build/my_robot_sim/my_robot_sim.egg-info/SOURCES.txt'
running build
running build_py
running install
running install_lib
running install_data
copying urdf/lidar_tank.xacro -> /home/atoz/ros2_ws/install/my_robot_sim/share/my_robot_sim/urdf
running install_egg_info
removing '/home/atoz/ros2_ws/install/my_robot_sim/lib/python3.10/site-packages/my_robot_sim-0.0.0-py3.10.egg-info' (and everything under it)
Copying ../../build/my_robot_sim/my_robot_sim.egg-info to /home/atoz/ros2_ws/install/my_robot_sim/lib/python3.10/site-packages/my_robot_sim-0.0.0-py3.10.egg-info
running install_scripts
Installing pointcloud_to_scan script to /home/atoz/ros2_ws/install/my_robot_sim/bin
writing list of installed files to '/home/atoz/ros2_ws/build/my_robot_sim/install.log'
