[0.015s] Invoking command in '/home/atoz/ros2_ws/build/my_robot_gazebo': CMAKE_PREFIX_PATH=${CMAKE_PREFIX_PATH}:/opt/ros/humble /usr/bin/cmake /home/atoz/ros2_ws/src/my_robot_gazebo -DCMAKE_INSTALL_PREFIX=/home/atoz/ros2_ws/install/my_robot_gazebo
[0.187s] -- The C compiler identification is GNU 11.4.0
[0.187s] -- The CXX compiler identification is GNU 11.4.0
[0.187s] -- Detecting C compiler ABI info
[0.187s] -- Detecting C compiler ABI info - done
[0.187s] -- Check for working C compiler: /usr/bin/cc - skipped
[0.187s] -- Detecting C compile features
[0.187s] -- Detecting C compile features - done
[0.187s] -- Detecting CXX compiler ABI info
[0.234s] -- Detecting CXX compiler ABI info - done
[0.239s] -- Check for working CXX compiler: /usr/bin/c++ - skipped
[0.239s] -- Detecting CXX compile features
[0.240s] -- Detecting CXX compile features - done
[0.241s] -- Found ament_cmake: 1.3.11 (/opt/ros/humble/share/ament_cmake/cmake)
[0.358s] -- Found Python3: /usr/bin/python3 (found version "3.10.12") found components: Interpreter 
[0.472s] -- Configuring done
[0.474s] -- Generating done
[0.475s] -- Build files have been written to: /home/atoz/ros2_ws/build/my_robot_gazebo
[0.478s] Invoked command in '/home/atoz/ros2_ws/build/my_robot_gazebo' returned '0': CMAKE_PREFIX_PATH=${CMAKE_PREFIX_PATH}:/opt/ros/humble /usr/bin/cmake /home/atoz/ros2_ws/src/my_robot_gazebo -DCMAKE_INSTALL_PREFIX=/home/atoz/ros2_ws/install/my_robot_gazebo
[0.480s] Invoking command in '/home/atoz/ros2_ws/build/my_robot_gazebo': CMAKE_PREFIX_PATH=${CMAKE_PREFIX_PATH}:/opt/ros/humble /usr/bin/cmake --build /home/atoz/ros2_ws/build/my_robot_gazebo -- -j12 -l12
[0.511s] Invoked command in '/home/atoz/ros2_ws/build/my_robot_gazebo' returned '0': CMAKE_PREFIX_PATH=${CMAKE_PREFIX_PATH}:/opt/ros/humble /usr/bin/cmake --build /home/atoz/ros2_ws/build/my_robot_gazebo -- -j12 -l12
[0.519s] Invoking command in '/home/atoz/ros2_ws/build/my_robot_gazebo': CMAKE_PREFIX_PATH=${CMAKE_PREFIX_PATH}:/opt/ros/humble /usr/bin/cmake --install /home/atoz/ros2_ws/build/my_robot_gazebo
[0.528s] -- Install configuration: ""
[0.528s] -- Installing: /home/atoz/ros2_ws/install/my_robot_gazebo/share/my_robot_gazebo/launch
[0.528s] -- Installing: /home/atoz/ros2_ws/install/my_robot_gazebo/share/my_robot_gazebo/launch/my_world.launch.py
[0.529s] -- Installing: /home/atoz/ros2_ws/install/my_robot_gazebo/share/my_robot_gazebo/urdf
[0.529s] -- Installing: /home/atoz/ros2_ws/install/my_robot_gazebo/share/my_robot_gazebo/urdf/my_robot.urdf
[0.529s] -- Installing: /home/atoz/ros2_ws/install/my_robot_gazebo/share/my_robot_gazebo/worlds
[0.529s] -- Installing: /home/atoz/ros2_ws/install/my_robot_gazebo/share/my_robot_gazebo/worlds/my_world.world
[0.529s] -- Installing: /home/atoz/ros2_ws/install/my_robot_gazebo/share/ament_index/resource_index/package_run_dependencies/my_robot_gazebo
[0.529s] -- Installing: /home/atoz/ros2_ws/install/my_robot_gazebo/share/ament_index/resource_index/parent_prefix_path/my_robot_gazebo
[0.529s] -- Installing: /home/atoz/ros2_ws/install/my_robot_gazebo/share/my_robot_gazebo/environment/ament_prefix_path.sh
[0.529s] -- Installing: /home/atoz/ros2_ws/install/my_robot_gazebo/share/my_robot_gazebo/environment/ament_prefix_path.dsv
[0.530s] -- Installing: /home/atoz/ros2_ws/install/my_robot_gazebo/share/my_robot_gazebo/environment/path.sh
[0.530s] -- Installing: /home/atoz/ros2_ws/install/my_robot_gazebo/share/my_robot_gazebo/environment/path.dsv
[0.530s] -- Installing: /home/atoz/ros2_ws/install/my_robot_gazebo/share/my_robot_gazebo/local_setup.bash
[0.530s] -- Installing: /home/atoz/ros2_ws/install/my_robot_gazebo/share/my_robot_gazebo/local_setup.sh
[0.530s] -- Installing: /home/atoz/ros2_ws/install/my_robot_gazebo/share/my_robot_gazebo/local_setup.zsh
[0.530s] -- Installing: /home/atoz/ros2_ws/install/my_robot_gazebo/share/my_robot_gazebo/local_setup.dsv
[0.530s] -- Installing: /home/atoz/ros2_ws/install/my_robot_gazebo/share/my_robot_gazebo/package.dsv
[0.531s] -- Installing: /home/atoz/ros2_ws/install/my_robot_gazebo/share/ament_index/resource_index/packages/my_robot_gazebo
[0.531s] -- Installing: /home/atoz/ros2_ws/install/my_robot_gazebo/share/my_robot_gazebo/cmake/my_robot_gazeboConfig.cmake
[0.531s] -- Installing: /home/atoz/ros2_ws/install/my_robot_gazebo/share/my_robot_gazebo/cmake/my_robot_gazeboConfig-version.cmake
[0.531s] -- Installing: /home/atoz/ros2_ws/install/my_robot_gazebo/share/my_robot_gazebo/package.xml
[0.534s] Invoked command in '/home/atoz/ros2_ws/build/my_robot_gazebo' returned '0': CMAKE_PREFIX_PATH=${CMAKE_PREFIX_PATH}:/opt/ros/humble /usr/bin/cmake --install /home/atoz/ros2_ws/build/my_robot_gazebo
