[0.077s] DEBUG:colcon:Command line arguments: ['/usr/bin/colcon', 'build']
[0.077s] DEBUG:colcon:Parsed command line arguments: Namespace(log_base=None, log_level=None, verb_name='build', build_base='build', install_base='install', merge_install=False, symlink_install=False, test_result_base=None, continue_on_error=False, executor='parallel', parallel_workers=12, event_handlers=None, ignore_user_meta=False, metas=['./colcon.meta'], base_paths=['.'], packages_ignore=None, packages_ignore_regex=None, paths=None, packages_up_to=None, packages_up_to_regex=None, packages_above=None, packages_above_and_dependencies=None, packages_above_depth=None, packages_select_by_dep=None, packages_skip_by_dep=None, packages_skip_up_to=None, packages_select_build_failed=False, packages_skip_build_finished=False, packages_select_test_failures=False, packages_skip_test_passed=False, packages_select=None, packages_skip=None, packages_select_regex=None, packages_skip_regex=None, packages_start=None, packages_end=None, allow_overriding=[], cmake_args=None, cmake_target=None, cmake_target_skip_unavailable=False, cmake_clean_cache=False, cmake_clean_first=False, cmake_force_configure=False, ament_cmake_args=None, catkin_cmake_args=None, catkin_skip_building_tests=False, verb_parser=<colcon_defaults.argument_parser.defaults.DefaultArgumentsDecorator object at 0x71a5d37fd180>, verb_extension=<colcon_core.verb.build.BuildVerb object at 0x71a5d37fcb80>, main=<bound method BuildVerb.main of <colcon_core.verb.build.BuildVerb object at 0x71a5d37fcb80>>)
[0.186s] Level 1:colcon.colcon_core.package_discovery:discover_packages(colcon_meta) check parameters
[0.186s] Level 1:colcon.colcon_core.package_discovery:discover_packages(recursive) check parameters
[0.186s] Level 1:colcon.colcon_core.package_discovery:discover_packages(ignore) check parameters
[0.186s] Level 1:colcon.colcon_core.package_discovery:discover_packages(path) check parameters
[0.186s] Level 1:colcon.colcon_core.package_discovery:discover_packages(colcon_meta) discover
[0.186s] Level 1:colcon.colcon_core.package_discovery:discover_packages(recursive) discover
[0.186s] INFO:colcon.colcon_core.package_discovery:Crawling recursively for packages in '/home/atoz/ros2_ws'
[0.186s] Level 1:colcon.colcon_core.package_identification:_identify(.) by extensions ['ignore', 'ignore_ament_install']
[0.186s] Level 1:colcon.colcon_core.package_identification:_identify(.) by extension 'ignore'
[0.186s] Level 1:colcon.colcon_core.package_identification:_identify(.) by extension 'ignore_ament_install'
[0.186s] Level 1:colcon.colcon_core.package_identification:_identify(.) by extensions ['colcon_pkg']
[0.186s] Level 1:colcon.colcon_core.package_identification:_identify(.) by extension 'colcon_pkg'
[0.186s] Level 1:colcon.colcon_core.package_identification:_identify(.) by extensions ['colcon_meta']
[0.186s] Level 1:colcon.colcon_core.package_identification:_identify(.) by extension 'colcon_meta'
[0.186s] Level 1:colcon.colcon_core.package_identification:_identify(.) by extensions ['ros']
[0.186s] Level 1:colcon.colcon_core.package_identification:_identify(.) by extension 'ros'
[0.193s] Level 1:colcon.colcon_core.package_identification:_identify(.) by extensions ['cmake', 'python']
[0.193s] Level 1:colcon.colcon_core.package_identification:_identify(.) by extension 'cmake'
[0.193s] Level 1:colcon.colcon_core.package_identification:_identify(.) by extension 'python'
[0.193s] Level 1:colcon.colcon_core.package_identification:_identify(.) by extensions ['python_setup_py']
[0.193s] Level 1:colcon.colcon_core.package_identification:_identify(.) by extension 'python_setup_py'
[0.193s] Level 1:colcon.colcon_core.package_identification:_identify(build) by extensions ['ignore', 'ignore_ament_install']
[0.193s] Level 1:colcon.colcon_core.package_identification:_identify(build) by extension 'ignore'
[0.193s] Level 1:colcon.colcon_core.package_identification:_identify(build) ignored
[0.194s] Level 1:colcon.colcon_core.package_identification:_identify(install) by extensions ['ignore', 'ignore_ament_install']
[0.194s] Level 1:colcon.colcon_core.package_identification:_identify(install) by extension 'ignore'
[0.194s] Level 1:colcon.colcon_core.package_identification:_identify(install) ignored
[0.194s] Level 1:colcon.colcon_core.package_identification:_identify(log) by extensions ['ignore', 'ignore_ament_install']
[0.194s] Level 1:colcon.colcon_core.package_identification:_identify(log) by extension 'ignore'
[0.194s] Level 1:colcon.colcon_core.package_identification:_identify(log) ignored
[0.194s] Level 1:colcon.colcon_core.package_identification:_identify(src) by extensions ['ignore', 'ignore_ament_install']
[0.194s] Level 1:colcon.colcon_core.package_identification:_identify(src) by extension 'ignore'
[0.194s] Level 1:colcon.colcon_core.package_identification:_identify(src) by extension 'ignore_ament_install'
[0.194s] Level 1:colcon.colcon_core.package_identification:_identify(src) by extensions ['colcon_pkg']
[0.194s] Level 1:colcon.colcon_core.package_identification:_identify(src) by extension 'colcon_pkg'
[0.194s] Level 1:colcon.colcon_core.package_identification:_identify(src) by extensions ['colcon_meta']
[0.194s] Level 1:colcon.colcon_core.package_identification:_identify(src) by extension 'colcon_meta'
[0.194s] Level 1:colcon.colcon_core.package_identification:_identify(src) by extensions ['ros']
[0.194s] Level 1:colcon.colcon_core.package_identification:_identify(src) by extension 'ros'
[0.194s] Level 1:colcon.colcon_core.package_identification:_identify(src) by extensions ['cmake', 'python']
[0.194s] Level 1:colcon.colcon_core.package_identification:_identify(src) by extension 'cmake'
[0.194s] Level 1:colcon.colcon_core.package_identification:_identify(src) by extension 'python'
[0.194s] Level 1:colcon.colcon_core.package_identification:_identify(src) by extensions ['python_setup_py']
[0.194s] Level 1:colcon.colcon_core.package_identification:_identify(src) by extension 'python_setup_py'
[0.194s] Level 1:colcon.colcon_core.package_identification:_identify(src/my_robot_gazebo) by extensions ['ignore', 'ignore_ament_install']
[0.194s] Level 1:colcon.colcon_core.package_identification:_identify(src/my_robot_gazebo) by extension 'ignore'
[0.194s] Level 1:colcon.colcon_core.package_identification:_identify(src/my_robot_gazebo) by extension 'ignore_ament_install'
[0.194s] Level 1:colcon.colcon_core.package_identification:_identify(src/my_robot_gazebo) by extensions ['colcon_pkg']
[0.194s] Level 1:colcon.colcon_core.package_identification:_identify(src/my_robot_gazebo) by extension 'colcon_pkg'
[0.194s] Level 1:colcon.colcon_core.package_identification:_identify(src/my_robot_gazebo) by extensions ['colcon_meta']
[0.194s] Level 1:colcon.colcon_core.package_identification:_identify(src/my_robot_gazebo) by extension 'colcon_meta'
[0.194s] Level 1:colcon.colcon_core.package_identification:_identify(src/my_robot_gazebo) by extensions ['ros']
[0.194s] Level 1:colcon.colcon_core.package_identification:_identify(src/my_robot_gazebo) by extension 'ros'
[0.196s] DEBUG:colcon.colcon_core.package_identification:Package 'src/my_robot_gazebo' with type 'ros.ament_cmake' and name 'my_robot_gazebo'
[0.196s] Level 1:colcon.colcon_core.package_identification:_identify(src/my_robot_sim) by extensions ['ignore', 'ignore_ament_install']
[0.196s] Level 1:colcon.colcon_core.package_identification:_identify(src/my_robot_sim) by extension 'ignore'
[0.196s] Level 1:colcon.colcon_core.package_identification:_identify(src/my_robot_sim) by extension 'ignore_ament_install'
[0.196s] Level 1:colcon.colcon_core.package_identification:_identify(src/my_robot_sim) by extensions ['colcon_pkg']
[0.196s] Level 1:colcon.colcon_core.package_identification:_identify(src/my_robot_sim) by extension 'colcon_pkg'
[0.196s] Level 1:colcon.colcon_core.package_identification:_identify(src/my_robot_sim) by extensions ['colcon_meta']
[0.196s] Level 1:colcon.colcon_core.package_identification:_identify(src/my_robot_sim) by extension 'colcon_meta'
[0.196s] Level 1:colcon.colcon_core.package_identification:_identify(src/my_robot_sim) by extensions ['ros']
[0.196s] Level 1:colcon.colcon_core.package_identification:_identify(src/my_robot_sim) by extension 'ros'
[0.197s] DEBUG:colcon.colcon_core.package_identification:Package 'src/my_robot_sim' with type 'ros.ament_python' and name 'my_robot_sim'
[0.197s] Level 1:colcon.colcon_core.package_identification:_identify(src/ndt_omp_ros2) by extensions ['ignore', 'ignore_ament_install']
[0.197s] Level 1:colcon.colcon_core.package_identification:_identify(src/ndt_omp_ros2) by extension 'ignore'
[0.197s] Level 1:colcon.colcon_core.package_identification:_identify(src/ndt_omp_ros2) by extension 'ignore_ament_install'
[0.197s] Level 1:colcon.colcon_core.package_identification:_identify(src/ndt_omp_ros2) by extensions ['colcon_pkg']
[0.197s] Level 1:colcon.colcon_core.package_identification:_identify(src/ndt_omp_ros2) by extension 'colcon_pkg'
[0.197s] Level 1:colcon.colcon_core.package_identification:_identify(src/ndt_omp_ros2) by extensions ['colcon_meta']
[0.197s] Level 1:colcon.colcon_core.package_identification:_identify(src/ndt_omp_ros2) by extension 'colcon_meta'
[0.197s] Level 1:colcon.colcon_core.package_identification:_identify(src/ndt_omp_ros2) by extensions ['ros']
[0.197s] Level 1:colcon.colcon_core.package_identification:_identify(src/ndt_omp_ros2) by extension 'ros'
[0.197s] DEBUG:colcon.colcon_core.package_identification:Package 'src/ndt_omp_ros2' with type 'ros.ament_cmake' and name 'ndt_omp_ros2'
[0.197s] Level 1:colcon.colcon_core.package_identification:_identify(src/omo_r1mini_bringup) by extensions ['ignore', 'ignore_ament_install']
[0.197s] Level 1:colcon.colcon_core.package_identification:_identify(src/omo_r1mini_bringup) by extension 'ignore'
[0.197s] Level 1:colcon.colcon_core.package_identification:_identify(src/omo_r1mini_bringup) by extension 'ignore_ament_install'
[0.197s] Level 1:colcon.colcon_core.package_identification:_identify(src/omo_r1mini_bringup) by extensions ['colcon_pkg']
[0.197s] Level 1:colcon.colcon_core.package_identification:_identify(src/omo_r1mini_bringup) by extension 'colcon_pkg'
[0.197s] Level 1:colcon.colcon_core.package_identification:_identify(src/omo_r1mini_bringup) by extensions ['colcon_meta']
[0.197s] Level 1:colcon.colcon_core.package_identification:_identify(src/omo_r1mini_bringup) by extension 'colcon_meta'
[0.197s] Level 1:colcon.colcon_core.package_identification:_identify(src/omo_r1mini_bringup) by extensions ['ros']
[0.197s] Level 1:colcon.colcon_core.package_identification:_identify(src/omo_r1mini_bringup) by extension 'ros'
[0.198s] DEBUG:colcon.colcon_core.package_identification:Package 'src/omo_r1mini_bringup' with type 'ros.ament_cmake' and name 'omo_r1mini_bringup'
[0.198s] Level 1:colcon.colcon_core.package_discovery:discover_packages(recursive) using defaults
[0.198s] Level 1:colcon.colcon_core.package_discovery:discover_packages(ignore) discover
[0.198s] Level 1:colcon.colcon_core.package_discovery:discover_packages(ignore) using defaults
[0.198s] Level 1:colcon.colcon_core.package_discovery:discover_packages(path) discover
[0.198s] Level 1:colcon.colcon_core.package_discovery:discover_packages(path) using defaults
[0.218s] Level 1:colcon.colcon_core.package_discovery:discover_packages(prefix_path) check parameters
[0.218s] Level 1:colcon.colcon_core.package_discovery:discover_packages(prefix_path) discover
[0.219s] DEBUG:colcon.colcon_installed_package_information.package_discovery:Found 4 installed packages in /home/atoz/ros2_ws/install
[0.220s] DEBUG:colcon.colcon_installed_package_information.package_discovery:Found 387 installed packages in /opt/ros/humble
[0.221s] Level 1:colcon.colcon_core.package_discovery:discover_packages(prefix_path) using defaults
[0.247s] Level 5:colcon.colcon_core.verb:set package 'my_robot_gazebo' build argument 'cmake_args' from command line to 'None'
[0.247s] Level 5:colcon.colcon_core.verb:set package 'my_robot_gazebo' build argument 'cmake_target' from command line to 'None'
[0.247s] Level 5:colcon.colcon_core.verb:set package 'my_robot_gazebo' build argument 'cmake_target_skip_unavailable' from command line to 'False'
[0.247s] Level 5:colcon.colcon_core.verb:set package 'my_robot_gazebo' build argument 'cmake_clean_cache' from command line to 'False'
[0.247s] Level 5:colcon.colcon_core.verb:set package 'my_robot_gazebo' build argument 'cmake_clean_first' from command line to 'False'
[0.247s] Level 5:colcon.colcon_core.verb:set package 'my_robot_gazebo' build argument 'cmake_force_configure' from command line to 'False'
[0.247s] Level 5:colcon.colcon_core.verb:set package 'my_robot_gazebo' build argument 'ament_cmake_args' from command line to 'None'
[0.247s] Level 5:colcon.colcon_core.verb:set package 'my_robot_gazebo' build argument 'catkin_cmake_args' from command line to 'None'
[0.247s] Level 5:colcon.colcon_core.verb:set package 'my_robot_gazebo' build argument 'catkin_skip_building_tests' from command line to 'False'
[0.247s] DEBUG:colcon.colcon_core.verb:Building package 'my_robot_gazebo' with the following arguments: {'ament_cmake_args': None, 'build_base': '/home/atoz/ros2_ws/build/my_robot_gazebo', 'catkin_cmake_args': None, 'catkin_skip_building_tests': False, 'cmake_args': None, 'cmake_clean_cache': False, 'cmake_clean_first': False, 'cmake_force_configure': False, 'cmake_target': None, 'cmake_target_skip_unavailable': False, 'install_base': '/home/atoz/ros2_ws/install/my_robot_gazebo', 'merge_install': False, 'path': '/home/atoz/ros2_ws/src/my_robot_gazebo', 'symlink_install': False, 'test_result_base': None}
[0.247s] Level 5:colcon.colcon_core.verb:set package 'my_robot_sim' build argument 'cmake_args' from command line to 'None'
[0.247s] Level 5:colcon.colcon_core.verb:set package 'my_robot_sim' build argument 'cmake_target' from command line to 'None'
[0.247s] Level 5:colcon.colcon_core.verb:set package 'my_robot_sim' build argument 'cmake_target_skip_unavailable' from command line to 'False'
[0.247s] Level 5:colcon.colcon_core.verb:set package 'my_robot_sim' build argument 'cmake_clean_cache' from command line to 'False'
[0.247s] Level 5:colcon.colcon_core.verb:set package 'my_robot_sim' build argument 'cmake_clean_first' from command line to 'False'
[0.248s] Level 5:colcon.colcon_core.verb:set package 'my_robot_sim' build argument 'cmake_force_configure' from command line to 'False'
[0.248s] Level 5:colcon.colcon_core.verb:set package 'my_robot_sim' build argument 'ament_cmake_args' from command line to 'None'
[0.248s] Level 5:colcon.colcon_core.verb:set package 'my_robot_sim' build argument 'catkin_cmake_args' from command line to 'None'
[0.248s] Level 5:colcon.colcon_core.verb:set package 'my_robot_sim' build argument 'catkin_skip_building_tests' from command line to 'False'
[0.248s] DEBUG:colcon.colcon_core.verb:Building package 'my_robot_sim' with the following arguments: {'ament_cmake_args': None, 'build_base': '/home/atoz/ros2_ws/build/my_robot_sim', 'catkin_cmake_args': None, 'catkin_skip_building_tests': False, 'cmake_args': None, 'cmake_clean_cache': False, 'cmake_clean_first': False, 'cmake_force_configure': False, 'cmake_target': None, 'cmake_target_skip_unavailable': False, 'install_base': '/home/atoz/ros2_ws/install/my_robot_sim', 'merge_install': False, 'path': '/home/atoz/ros2_ws/src/my_robot_sim', 'symlink_install': False, 'test_result_base': None}
[0.248s] Level 5:colcon.colcon_core.verb:set package 'ndt_omp_ros2' build argument 'cmake_args' from command line to 'None'
[0.248s] Level 5:colcon.colcon_core.verb:set package 'ndt_omp_ros2' build argument 'cmake_target' from command line to 'None'
[0.248s] Level 5:colcon.colcon_core.verb:set package 'ndt_omp_ros2' build argument 'cmake_target_skip_unavailable' from command line to 'False'
[0.248s] Level 5:colcon.colcon_core.verb:set package 'ndt_omp_ros2' build argument 'cmake_clean_cache' from command line to 'False'
[0.248s] Level 5:colcon.colcon_core.verb:set package 'ndt_omp_ros2' build argument 'cmake_clean_first' from command line to 'False'
[0.248s] Level 5:colcon.colcon_core.verb:set package 'ndt_omp_ros2' build argument 'cmake_force_configure' from command line to 'False'
[0.248s] Level 5:colcon.colcon_core.verb:set package 'ndt_omp_ros2' build argument 'ament_cmake_args' from command line to 'None'
[0.248s] Level 5:colcon.colcon_core.verb:set package 'ndt_omp_ros2' build argument 'catkin_cmake_args' from command line to 'None'
[0.248s] Level 5:colcon.colcon_core.verb:set package 'ndt_omp_ros2' build argument 'catkin_skip_building_tests' from command line to 'False'
[0.248s] DEBUG:colcon.colcon_core.verb:Building package 'ndt_omp_ros2' with the following arguments: {'ament_cmake_args': None, 'build_base': '/home/atoz/ros2_ws/build/ndt_omp_ros2', 'catkin_cmake_args': None, 'catkin_skip_building_tests': False, 'cmake_args': None, 'cmake_clean_cache': False, 'cmake_clean_first': False, 'cmake_force_configure': False, 'cmake_target': None, 'cmake_target_skip_unavailable': False, 'install_base': '/home/atoz/ros2_ws/install/ndt_omp_ros2', 'merge_install': False, 'path': '/home/atoz/ros2_ws/src/ndt_omp_ros2', 'symlink_install': False, 'test_result_base': None}
[0.248s] Level 5:colcon.colcon_core.verb:set package 'omo_r1mini_bringup' build argument 'cmake_args' from command line to 'None'
[0.248s] Level 5:colcon.colcon_core.verb:set package 'omo_r1mini_bringup' build argument 'cmake_target' from command line to 'None'
[0.248s] Level 5:colcon.colcon_core.verb:set package 'omo_r1mini_bringup' build argument 'cmake_target_skip_unavailable' from command line to 'False'
[0.248s] Level 5:colcon.colcon_core.verb:set package 'omo_r1mini_bringup' build argument 'cmake_clean_cache' from command line to 'False'
[0.248s] Level 5:colcon.colcon_core.verb:set package 'omo_r1mini_bringup' build argument 'cmake_clean_first' from command line to 'False'
[0.248s] Level 5:colcon.colcon_core.verb:set package 'omo_r1mini_bringup' build argument 'cmake_force_configure' from command line to 'False'
[0.248s] Level 5:colcon.colcon_core.verb:set package 'omo_r1mini_bringup' build argument 'ament_cmake_args' from command line to 'None'
[0.248s] Level 5:colcon.colcon_core.verb:set package 'omo_r1mini_bringup' build argument 'catkin_cmake_args' from command line to 'None'
[0.248s] Level 5:colcon.colcon_core.verb:set package 'omo_r1mini_bringup' build argument 'catkin_skip_building_tests' from command line to 'False'
[0.248s] DEBUG:colcon.colcon_core.verb:Building package 'omo_r1mini_bringup' with the following arguments: {'ament_cmake_args': None, 'build_base': '/home/atoz/ros2_ws/build/omo_r1mini_bringup', 'catkin_cmake_args': None, 'catkin_skip_building_tests': False, 'cmake_args': None, 'cmake_clean_cache': False, 'cmake_clean_first': False, 'cmake_force_configure': False, 'cmake_target': None, 'cmake_target_skip_unavailable': False, 'install_base': '/home/atoz/ros2_ws/install/omo_r1mini_bringup', 'merge_install': False, 'path': '/home/atoz/ros2_ws/src/omo_r1mini_bringup', 'symlink_install': False, 'test_result_base': None}
[0.248s] INFO:colcon.colcon_core.executor:Executing jobs using 'parallel' executor
[0.249s] DEBUG:colcon.colcon_parallel_executor.executor.parallel:run_until_complete
[0.249s] INFO:colcon.colcon_ros.task.ament_cmake.build:Building ROS package in '/home/atoz/ros2_ws/src/my_robot_gazebo' with build type 'ament_cmake'
[0.249s] INFO:colcon.colcon_cmake.task.cmake.build:Building CMake package in '/home/atoz/ros2_ws/src/my_robot_gazebo'
[0.251s] INFO:colcon.colcon_core.plugin_system:Skipping extension 'colcon_core.shell.bat': Not used on non-Windows systems
[0.251s] INFO:colcon.colcon_core.shell:Skip shell extension 'powershell' for command environment: Not usable outside of PowerShell
[0.251s] DEBUG:colcon.colcon_core.shell:Skip shell extension 'dsv' for command environment
[0.253s] INFO:colcon.colcon_ros.task.ament_python.build:Building ROS package in '/home/atoz/ros2_ws/src/my_robot_sim' with build type 'ament_python'
[0.253s] Level 1:colcon.colcon_core.shell:create_environment_hook('my_robot_sim', 'ament_prefix_path')
[0.253s] INFO:colcon.colcon_core.shell:Creating environment hook '/home/atoz/ros2_ws/install/my_robot_sim/share/my_robot_sim/hook/ament_prefix_path.ps1'
[0.254s] INFO:colcon.colcon_core.shell:Creating environment descriptor '/home/atoz/ros2_ws/install/my_robot_sim/share/my_robot_sim/hook/ament_prefix_path.dsv'
[0.254s] INFO:colcon.colcon_core.shell:Creating environment hook '/home/atoz/ros2_ws/install/my_robot_sim/share/my_robot_sim/hook/ament_prefix_path.sh'
[0.255s] INFO:colcon.colcon_core.shell:Skip shell extension 'powershell' for command environment: Not usable outside of PowerShell
[0.255s] DEBUG:colcon.colcon_core.shell:Skip shell extension 'dsv' for command environment
[0.257s] INFO:colcon.colcon_ros.task.ament_cmake.build:Building ROS package in '/home/atoz/ros2_ws/src/ndt_omp_ros2' with build type 'ament_cmake'
[0.257s] INFO:colcon.colcon_cmake.task.cmake.build:Building CMake package in '/home/atoz/ros2_ws/src/ndt_omp_ros2'
[0.257s] INFO:colcon.colcon_core.shell:Skip shell extension 'powershell' for command environment: Not usable outside of PowerShell
[0.257s] DEBUG:colcon.colcon_core.shell:Skip shell extension 'dsv' for command environment
[0.259s] INFO:colcon.colcon_ros.task.ament_cmake.build:Building ROS package in '/home/atoz/ros2_ws/src/omo_r1mini_bringup' with build type 'ament_cmake'
[0.259s] INFO:colcon.colcon_cmake.task.cmake.build:Building CMake package in '/home/atoz/ros2_ws/src/omo_r1mini_bringup'
[0.259s] INFO:colcon.colcon_core.shell:Skip shell extension 'powershell' for command environment: Not usable outside of PowerShell
[0.259s] DEBUG:colcon.colcon_core.shell:Skip shell extension 'dsv' for command environment
[0.265s] DEBUG:colcon.colcon_core.event_handler.log_command:Invoking command in '/home/atoz/ros2_ws/build/my_robot_gazebo': CMAKE_PREFIX_PATH=${CMAKE_PREFIX_PATH}:/home/atoz/ros2_ws/install/my_robot_sim:/opt/ros/humble /usr/bin/cmake --build /home/atoz/ros2_ws/build/my_robot_gazebo -- -j12 -l12
[0.432s] INFO:colcon.colcon_core.task.python.build:Building Python package in '/home/atoz/ros2_ws/src/my_robot_sim'
[0.432s] INFO:colcon.colcon_core.shell:Skip shell extension 'powershell' for command environment: Not usable outside of PowerShell
[0.432s] DEBUG:colcon.colcon_core.shell:Skip shell extension 'dsv' for command environment
[0.438s] DEBUG:colcon.colcon_core.event_handler.log_command:Invoking command in '/home/atoz/ros2_ws/build/ndt_omp_ros2': CMAKE_PREFIX_PATH=${CMAKE_PREFIX_PATH}:/home/atoz/ros2_ws/install/my_robot_sim:/opt/ros/humble /usr/bin/cmake --build /home/atoz/ros2_ws/build/ndt_omp_ros2 -- -j12 -l12
[0.442s] DEBUG:colcon.colcon_core.event_handler.log_command:Invoking command in '/home/atoz/ros2_ws/build/omo_r1mini_bringup': CMAKE_PREFIX_PATH=${CMAKE_PREFIX_PATH}:/home/atoz/ros2_ws/install/my_robot_sim:/opt/ros/humble /usr/bin/cmake --build /home/atoz/ros2_ws/build/omo_r1mini_bringup -- -j12 -l12
[0.444s] DEBUG:colcon.colcon_core.event_handler.log_command:Invoked command in '/home/atoz/ros2_ws/build/my_robot_gazebo' returned '0': CMAKE_PREFIX_PATH=${CMAKE_PREFIX_PATH}:/home/atoz/ros2_ws/install/my_robot_sim:/opt/ros/humble /usr/bin/cmake --build /home/atoz/ros2_ws/build/my_robot_gazebo -- -j12 -l12
[0.451s] DEBUG:colcon.colcon_core.event_handler.log_command:Invoking command in '/home/atoz/ros2_ws/build/my_robot_gazebo': CMAKE_PREFIX_PATH=${CMAKE_PREFIX_PATH}:/home/atoz/ros2_ws/install/my_robot_sim:/opt/ros/humble /usr/bin/cmake --install /home/atoz/ros2_ws/build/my_robot_gazebo
[0.457s] Level 1:colcon.colcon_core.environment:create_environment_scripts_only(my_robot_gazebo)
[0.458s] DEBUG:colcon.colcon_core.event_handler.log_command:Invoked command in '/home/atoz/ros2_ws/build/my_robot_gazebo' returned '0': CMAKE_PREFIX_PATH=${CMAKE_PREFIX_PATH}:/home/atoz/ros2_ws/install/my_robot_sim:/opt/ros/humble /usr/bin/cmake --install /home/atoz/ros2_ws/build/my_robot_gazebo
[0.460s] Level 1:colcon.colcon_core.environment:checking '/home/atoz/ros2_ws/install/my_robot_gazebo' for CMake module files
[0.460s] Level 1:colcon.colcon_core.environment:checking '/home/atoz/ros2_ws/install/my_robot_gazebo' for CMake config files
[0.460s] Level 1:colcon.colcon_core.shell:create_environment_hook('my_robot_gazebo', 'cmake_prefix_path')
[0.460s] INFO:colcon.colcon_core.shell:Creating environment hook '/home/atoz/ros2_ws/install/my_robot_gazebo/share/my_robot_gazebo/hook/cmake_prefix_path.ps1'
[0.460s] INFO:colcon.colcon_core.shell:Creating environment descriptor '/home/atoz/ros2_ws/install/my_robot_gazebo/share/my_robot_gazebo/hook/cmake_prefix_path.dsv'
[0.461s] INFO:colcon.colcon_core.shell:Creating environment hook '/home/atoz/ros2_ws/install/my_robot_gazebo/share/my_robot_gazebo/hook/cmake_prefix_path.sh'
[0.461s] Level 1:colcon.colcon_core.environment:checking '/home/atoz/ros2_ws/install/my_robot_gazebo/bin'
[0.461s] Level 1:colcon.colcon_core.environment:checking '/home/atoz/ros2_ws/install/my_robot_gazebo/lib/pkgconfig/my_robot_gazebo.pc'
[0.461s] Level 1:colcon.colcon_core.environment:checking '/home/atoz/ros2_ws/install/my_robot_gazebo/lib/python3.10/site-packages'
[0.462s] Level 1:colcon.colcon_core.environment:checking '/home/atoz/ros2_ws/install/my_robot_gazebo/bin'
[0.462s] INFO:colcon.colcon_core.shell:Creating package script '/home/atoz/ros2_ws/install/my_robot_gazebo/share/my_robot_gazebo/package.ps1'
[0.462s] INFO:colcon.colcon_core.shell:Creating package descriptor '/home/atoz/ros2_ws/install/my_robot_gazebo/share/my_robot_gazebo/package.dsv'
[0.463s] INFO:colcon.colcon_core.shell:Creating package script '/home/atoz/ros2_ws/install/my_robot_gazebo/share/my_robot_gazebo/package.sh'
[0.463s] INFO:colcon.colcon_core.shell:Creating package script '/home/atoz/ros2_ws/install/my_robot_gazebo/share/my_robot_gazebo/package.bash'
[0.463s] INFO:colcon.colcon_core.shell:Creating package script '/home/atoz/ros2_ws/install/my_robot_gazebo/share/my_robot_gazebo/package.zsh'
[0.464s] Level 1:colcon.colcon_core.environment:create_file_with_runtime_dependencies(/home/atoz/ros2_ws/install/my_robot_gazebo/share/colcon-core/packages/my_robot_gazebo)
[0.464s] Level 1:colcon.colcon_core.environment:create_environment_scripts_only(my_robot_gazebo)
[0.464s] Level 1:colcon.colcon_core.environment:checking '/home/atoz/ros2_ws/install/my_robot_gazebo' for CMake module files
[0.465s] Level 1:colcon.colcon_core.environment:checking '/home/atoz/ros2_ws/install/my_robot_gazebo' for CMake config files
[0.465s] Level 1:colcon.colcon_core.shell:create_environment_hook('my_robot_gazebo', 'cmake_prefix_path')
[0.465s] INFO:colcon.colcon_core.shell:Creating environment hook '/home/atoz/ros2_ws/install/my_robot_gazebo/share/my_robot_gazebo/hook/cmake_prefix_path.ps1'
[0.465s] INFO:colcon.colcon_core.shell:Creating environment descriptor '/home/atoz/ros2_ws/install/my_robot_gazebo/share/my_robot_gazebo/hook/cmake_prefix_path.dsv'
[0.465s] INFO:colcon.colcon_core.shell:Creating environment hook '/home/atoz/ros2_ws/install/my_robot_gazebo/share/my_robot_gazebo/hook/cmake_prefix_path.sh'
[0.466s] Level 1:colcon.colcon_core.environment:checking '/home/atoz/ros2_ws/install/my_robot_gazebo/bin'
[0.466s] Level 1:colcon.colcon_core.environment:checking '/home/atoz/ros2_ws/install/my_robot_gazebo/lib/pkgconfig/my_robot_gazebo.pc'
[0.466s] Level 1:colcon.colcon_core.environment:checking '/home/atoz/ros2_ws/install/my_robot_gazebo/lib/python3.10/site-packages'
[0.466s] Level 1:colcon.colcon_core.environment:checking '/home/atoz/ros2_ws/install/my_robot_gazebo/bin'
[0.466s] INFO:colcon.colcon_core.shell:Creating package script '/home/atoz/ros2_ws/install/my_robot_gazebo/share/my_robot_gazebo/package.ps1'
[0.466s] INFO:colcon.colcon_core.shell:Creating package descriptor '/home/atoz/ros2_ws/install/my_robot_gazebo/share/my_robot_gazebo/package.dsv'
[0.467s] INFO:colcon.colcon_core.shell:Creating package script '/home/atoz/ros2_ws/install/my_robot_gazebo/share/my_robot_gazebo/package.sh'
[0.467s] INFO:colcon.colcon_core.shell:Creating package script '/home/atoz/ros2_ws/install/my_robot_gazebo/share/my_robot_gazebo/package.bash'
[0.467s] INFO:colcon.colcon_core.shell:Creating package script '/home/atoz/ros2_ws/install/my_robot_gazebo/share/my_robot_gazebo/package.zsh'
[0.467s] Level 1:colcon.colcon_core.environment:create_file_with_runtime_dependencies(/home/atoz/ros2_ws/install/my_robot_gazebo/share/colcon-core/packages/my_robot_gazebo)
[0.482s] DEBUG:colcon.colcon_core.event_handler.log_command:Invoked command in '/home/atoz/ros2_ws/build/omo_r1mini_bringup' returned '0': CMAKE_PREFIX_PATH=${CMAKE_PREFIX_PATH}:/home/atoz/ros2_ws/install/my_robot_sim:/opt/ros/humble /usr/bin/cmake --build /home/atoz/ros2_ws/build/omo_r1mini_bringup -- -j12 -l12
[0.482s] DEBUG:colcon.colcon_core.event_handler.log_command:Invoking command in '/home/atoz/ros2_ws/build/omo_r1mini_bringup': CMAKE_PREFIX_PATH=${CMAKE_PREFIX_PATH}:/home/atoz/ros2_ws/install/my_robot_sim:/opt/ros/humble /usr/bin/cmake --install /home/atoz/ros2_ws/build/omo_r1mini_bringup
[0.490s] Level 1:colcon.colcon_core.environment:create_environment_scripts_only(omo_r1mini_bringup)
[0.490s] Level 1:colcon.colcon_core.environment:checking '/home/atoz/ros2_ws/install/omo_r1mini_bringup' for CMake module files
[0.491s] DEBUG:colcon.colcon_core.event_handler.log_command:Invoked command in '/home/atoz/ros2_ws/build/omo_r1mini_bringup' returned '0': CMAKE_PREFIX_PATH=${CMAKE_PREFIX_PATH}:/home/atoz/ros2_ws/install/my_robot_sim:/opt/ros/humble /usr/bin/cmake --install /home/atoz/ros2_ws/build/omo_r1mini_bringup
[0.491s] Level 1:colcon.colcon_core.environment:checking '/home/atoz/ros2_ws/install/omo_r1mini_bringup' for CMake config files
[0.492s] Level 1:colcon.colcon_core.shell:create_environment_hook('omo_r1mini_bringup', 'cmake_prefix_path')
[0.492s] INFO:colcon.colcon_core.shell:Creating environment hook '/home/atoz/ros2_ws/install/omo_r1mini_bringup/share/omo_r1mini_bringup/hook/cmake_prefix_path.ps1'
[0.493s] INFO:colcon.colcon_core.shell:Creating environment descriptor '/home/atoz/ros2_ws/install/omo_r1mini_bringup/share/omo_r1mini_bringup/hook/cmake_prefix_path.dsv'
[0.493s] INFO:colcon.colcon_core.shell:Creating environment hook '/home/atoz/ros2_ws/install/omo_r1mini_bringup/share/omo_r1mini_bringup/hook/cmake_prefix_path.sh'
[0.494s] Level 1:colcon.colcon_core.environment:checking '/home/atoz/ros2_ws/install/omo_r1mini_bringup/bin'
[0.494s] Level 1:colcon.colcon_core.environment:checking '/home/atoz/ros2_ws/install/omo_r1mini_bringup/lib/pkgconfig/omo_r1mini_bringup.pc'
[0.494s] Level 1:colcon.colcon_core.environment:checking '/home/atoz/ros2_ws/install/omo_r1mini_bringup/lib/python3.10/site-packages'
[0.494s] Level 1:colcon.colcon_core.environment:checking '/home/atoz/ros2_ws/install/omo_r1mini_bringup/bin'
[0.494s] INFO:colcon.colcon_core.shell:Creating package script '/home/atoz/ros2_ws/install/omo_r1mini_bringup/share/omo_r1mini_bringup/package.ps1'
[0.495s] INFO:colcon.colcon_core.shell:Creating package descriptor '/home/atoz/ros2_ws/install/omo_r1mini_bringup/share/omo_r1mini_bringup/package.dsv'
[0.495s] INFO:colcon.colcon_core.shell:Creating package script '/home/atoz/ros2_ws/install/omo_r1mini_bringup/share/omo_r1mini_bringup/package.sh'
[0.495s] INFO:colcon.colcon_core.shell:Creating package script '/home/atoz/ros2_ws/install/omo_r1mini_bringup/share/omo_r1mini_bringup/package.bash'
[0.495s] INFO:colcon.colcon_core.shell:Creating package script '/home/atoz/ros2_ws/install/omo_r1mini_bringup/share/omo_r1mini_bringup/package.zsh'
[0.496s] Level 1:colcon.colcon_core.environment:create_file_with_runtime_dependencies(/home/atoz/ros2_ws/install/omo_r1mini_bringup/share/colcon-core/packages/omo_r1mini_bringup)
[0.496s] Level 1:colcon.colcon_core.environment:create_environment_scripts_only(omo_r1mini_bringup)
[0.496s] Level 1:colcon.colcon_core.environment:checking '/home/atoz/ros2_ws/install/omo_r1mini_bringup' for CMake module files
[0.496s] Level 1:colcon.colcon_core.environment:checking '/home/atoz/ros2_ws/install/omo_r1mini_bringup' for CMake config files
[0.496s] Level 1:colcon.colcon_core.shell:create_environment_hook('omo_r1mini_bringup', 'cmake_prefix_path')
[0.497s] INFO:colcon.colcon_core.shell:Creating environment hook '/home/atoz/ros2_ws/install/omo_r1mini_bringup/share/omo_r1mini_bringup/hook/cmake_prefix_path.ps1'
[0.497s] INFO:colcon.colcon_core.shell:Creating environment descriptor '/home/atoz/ros2_ws/install/omo_r1mini_bringup/share/omo_r1mini_bringup/hook/cmake_prefix_path.dsv'
[0.497s] INFO:colcon.colcon_core.shell:Creating environment hook '/home/atoz/ros2_ws/install/omo_r1mini_bringup/share/omo_r1mini_bringup/hook/cmake_prefix_path.sh'
[0.497s] Level 1:colcon.colcon_core.environment:checking '/home/atoz/ros2_ws/install/omo_r1mini_bringup/bin'
[0.497s] Level 1:colcon.colcon_core.environment:checking '/home/atoz/ros2_ws/install/omo_r1mini_bringup/lib/pkgconfig/omo_r1mini_bringup.pc'
[0.497s] Level 1:colcon.colcon_core.environment:checking '/home/atoz/ros2_ws/install/omo_r1mini_bringup/lib/python3.10/site-packages'
[0.498s] Level 1:colcon.colcon_core.environment:checking '/home/atoz/ros2_ws/install/omo_r1mini_bringup/bin'
[0.498s] INFO:colcon.colcon_core.shell:Creating package script '/home/atoz/ros2_ws/install/omo_r1mini_bringup/share/omo_r1mini_bringup/package.ps1'
[0.498s] INFO:colcon.colcon_core.shell:Creating package descriptor '/home/atoz/ros2_ws/install/omo_r1mini_bringup/share/omo_r1mini_bringup/package.dsv'
[0.498s] INFO:colcon.colcon_core.shell:Creating package script '/home/atoz/ros2_ws/install/omo_r1mini_bringup/share/omo_r1mini_bringup/package.sh'
[0.499s] INFO:colcon.colcon_core.shell:Creating package script '/home/atoz/ros2_ws/install/omo_r1mini_bringup/share/omo_r1mini_bringup/package.bash'
[0.499s] INFO:colcon.colcon_core.shell:Creating package script '/home/atoz/ros2_ws/install/omo_r1mini_bringup/share/omo_r1mini_bringup/package.zsh'
[0.499s] Level 1:colcon.colcon_core.environment:create_file_with_runtime_dependencies(/home/atoz/ros2_ws/install/omo_r1mini_bringup/share/colcon-core/packages/omo_r1mini_bringup)
[0.532s] DEBUG:colcon.colcon_core.event_handler.log_command:Invoked command in '/home/atoz/ros2_ws/build/ndt_omp_ros2' returned '0': CMAKE_PREFIX_PATH=${CMAKE_PREFIX_PATH}:/home/atoz/ros2_ws/install/my_robot_sim:/opt/ros/humble /usr/bin/cmake --build /home/atoz/ros2_ws/build/ndt_omp_ros2 -- -j12 -l12
[0.534s] DEBUG:colcon.colcon_core.event_handler.log_command:Invoking command in '/home/atoz/ros2_ws/build/ndt_omp_ros2': CMAKE_PREFIX_PATH=${CMAKE_PREFIX_PATH}:/home/atoz/ros2_ws/install/my_robot_sim:/opt/ros/humble /usr/bin/cmake --install /home/atoz/ros2_ws/build/ndt_omp_ros2
[0.543s] Level 1:colcon.colcon_core.environment:create_environment_scripts_only(ndt_omp_ros2)
[0.543s] Level 1:colcon.colcon_core.environment:checking '/home/atoz/ros2_ws/install/ndt_omp_ros2' for CMake module files
[0.543s] DEBUG:colcon.colcon_core.event_handler.log_command:Invoked command in '/home/atoz/ros2_ws/build/ndt_omp_ros2' returned '0': CMAKE_PREFIX_PATH=${CMAKE_PREFIX_PATH}:/home/atoz/ros2_ws/install/my_robot_sim:/opt/ros/humble /usr/bin/cmake --install /home/atoz/ros2_ws/build/ndt_omp_ros2
[0.543s] Level 1:colcon.colcon_core.environment:checking '/home/atoz/ros2_ws/install/ndt_omp_ros2' for CMake config files
[0.544s] Level 1:colcon.colcon_core.shell:create_environment_hook('ndt_omp_ros2', 'cmake_prefix_path')
[0.544s] INFO:colcon.colcon_core.shell:Creating environment hook '/home/atoz/ros2_ws/install/ndt_omp_ros2/share/ndt_omp_ros2/hook/cmake_prefix_path.ps1'
[0.544s] INFO:colcon.colcon_core.shell:Creating environment descriptor '/home/atoz/ros2_ws/install/ndt_omp_ros2/share/ndt_omp_ros2/hook/cmake_prefix_path.dsv'
[0.544s] INFO:colcon.colcon_core.shell:Creating environment hook '/home/atoz/ros2_ws/install/ndt_omp_ros2/share/ndt_omp_ros2/hook/cmake_prefix_path.sh'
[0.545s] Level 1:colcon.colcon_core.environment:checking '/home/atoz/ros2_ws/install/ndt_omp_ros2/lib'
[0.545s] Level 1:colcon.colcon_core.environment:checking '/home/atoz/ros2_ws/install/ndt_omp_ros2/bin'
[0.545s] Level 1:colcon.colcon_core.shell:create_environment_hook('ndt_omp_ros2', 'path')
[0.545s] INFO:colcon.colcon_core.shell:Creating environment hook '/home/atoz/ros2_ws/install/ndt_omp_ros2/share/ndt_omp_ros2/hook/path.ps1'
[0.545s] INFO:colcon.colcon_core.shell:Creating environment descriptor '/home/atoz/ros2_ws/install/ndt_omp_ros2/share/ndt_omp_ros2/hook/path.dsv'
[0.545s] INFO:colcon.colcon_core.shell:Creating environment hook '/home/atoz/ros2_ws/install/ndt_omp_ros2/share/ndt_omp_ros2/hook/path.sh'
[0.546s] Level 1:colcon.colcon_core.environment:checking '/home/atoz/ros2_ws/install/ndt_omp_ros2/lib/pkgconfig/ndt_omp_ros2.pc'
[0.546s] Level 1:colcon.colcon_core.environment:checking '/home/atoz/ros2_ws/install/ndt_omp_ros2/lib/python3.10/site-packages'
[0.546s] Level 1:colcon.colcon_core.environment:checking '/home/atoz/ros2_ws/install/ndt_omp_ros2/bin'
[0.546s] Level 1:colcon.colcon_core.shell:create_environment_hook('ndt_omp_ros2', 'pythonscriptspath')
[0.546s] INFO:colcon.colcon_core.shell:Creating environment hook '/home/atoz/ros2_ws/install/ndt_omp_ros2/share/ndt_omp_ros2/hook/pythonscriptspath.ps1'
[0.546s] INFO:colcon.colcon_core.shell:Creating environment descriptor '/home/atoz/ros2_ws/install/ndt_omp_ros2/share/ndt_omp_ros2/hook/pythonscriptspath.dsv'
[0.547s] INFO:colcon.colcon_core.shell:Creating environment hook '/home/atoz/ros2_ws/install/ndt_omp_ros2/share/ndt_omp_ros2/hook/pythonscriptspath.sh'
[0.547s] INFO:colcon.colcon_core.shell:Creating package script '/home/atoz/ros2_ws/install/ndt_omp_ros2/share/ndt_omp_ros2/package.ps1'
[0.547s] INFO:colcon.colcon_core.shell:Creating package descriptor '/home/atoz/ros2_ws/install/ndt_omp_ros2/share/ndt_omp_ros2/package.dsv'
[0.548s] INFO:colcon.colcon_core.shell:Creating package script '/home/atoz/ros2_ws/install/ndt_omp_ros2/share/ndt_omp_ros2/package.sh'
[0.548s] INFO:colcon.colcon_core.shell:Creating package script '/home/atoz/ros2_ws/install/ndt_omp_ros2/share/ndt_omp_ros2/package.bash'
[0.548s] INFO:colcon.colcon_core.shell:Creating package script '/home/atoz/ros2_ws/install/ndt_omp_ros2/share/ndt_omp_ros2/package.zsh'
[0.548s] Level 1:colcon.colcon_core.environment:create_file_with_runtime_dependencies(/home/atoz/ros2_ws/install/ndt_omp_ros2/share/colcon-core/packages/ndt_omp_ros2)
[0.549s] Level 1:colcon.colcon_core.environment:create_environment_scripts_only(ndt_omp_ros2)
[0.549s] Level 1:colcon.colcon_core.environment:checking '/home/atoz/ros2_ws/install/ndt_omp_ros2' for CMake module files
[0.549s] Level 1:colcon.colcon_core.environment:checking '/home/atoz/ros2_ws/install/ndt_omp_ros2' for CMake config files
[0.549s] Level 1:colcon.colcon_core.shell:create_environment_hook('ndt_omp_ros2', 'cmake_prefix_path')
[0.549s] INFO:colcon.colcon_core.shell:Creating environment hook '/home/atoz/ros2_ws/install/ndt_omp_ros2/share/ndt_omp_ros2/hook/cmake_prefix_path.ps1'
[0.550s] INFO:colcon.colcon_core.shell:Creating environment descriptor '/home/atoz/ros2_ws/install/ndt_omp_ros2/share/ndt_omp_ros2/hook/cmake_prefix_path.dsv'
[0.550s] INFO:colcon.colcon_core.shell:Creating environment hook '/home/atoz/ros2_ws/install/ndt_omp_ros2/share/ndt_omp_ros2/hook/cmake_prefix_path.sh'
[0.550s] Level 1:colcon.colcon_core.environment:checking '/home/atoz/ros2_ws/install/ndt_omp_ros2/lib'
[0.550s] Level 1:colcon.colcon_core.environment:checking '/home/atoz/ros2_ws/install/ndt_omp_ros2/bin'
[0.550s] Level 1:colcon.colcon_core.shell:create_environment_hook('ndt_omp_ros2', 'path')
[0.550s] INFO:colcon.colcon_core.shell:Creating environment hook '/home/atoz/ros2_ws/install/ndt_omp_ros2/share/ndt_omp_ros2/hook/path.ps1'
[0.551s] INFO:colcon.colcon_core.shell:Creating environment descriptor '/home/atoz/ros2_ws/install/ndt_omp_ros2/share/ndt_omp_ros2/hook/path.dsv'
[0.551s] INFO:colcon.colcon_core.shell:Creating environment hook '/home/atoz/ros2_ws/install/ndt_omp_ros2/share/ndt_omp_ros2/hook/path.sh'
[0.551s] Level 1:colcon.colcon_core.environment:checking '/home/atoz/ros2_ws/install/ndt_omp_ros2/lib/pkgconfig/ndt_omp_ros2.pc'
[0.551s] Level 1:colcon.colcon_core.environment:checking '/home/atoz/ros2_ws/install/ndt_omp_ros2/lib/python3.10/site-packages'
[0.551s] Level 1:colcon.colcon_core.environment:checking '/home/atoz/ros2_ws/install/ndt_omp_ros2/bin'
[0.551s] Level 1:colcon.colcon_core.shell:create_environment_hook('ndt_omp_ros2', 'pythonscriptspath')
[0.551s] INFO:colcon.colcon_core.shell:Creating environment hook '/home/atoz/ros2_ws/install/ndt_omp_ros2/share/ndt_omp_ros2/hook/pythonscriptspath.ps1'
[0.552s] INFO:colcon.colcon_core.shell:Creating environment descriptor '/home/atoz/ros2_ws/install/ndt_omp_ros2/share/ndt_omp_ros2/hook/pythonscriptspath.dsv'
[0.552s] INFO:colcon.colcon_core.shell:Creating environment hook '/home/atoz/ros2_ws/install/ndt_omp_ros2/share/ndt_omp_ros2/hook/pythonscriptspath.sh'
[0.552s] INFO:colcon.colcon_core.shell:Creating package script '/home/atoz/ros2_ws/install/ndt_omp_ros2/share/ndt_omp_ros2/package.ps1'
[0.553s] INFO:colcon.colcon_core.shell:Creating package descriptor '/home/atoz/ros2_ws/install/ndt_omp_ros2/share/ndt_omp_ros2/package.dsv'
[0.553s] INFO:colcon.colcon_core.shell:Creating package script '/home/atoz/ros2_ws/install/ndt_omp_ros2/share/ndt_omp_ros2/package.sh'
[0.553s] INFO:colcon.colcon_core.shell:Creating package script '/home/atoz/ros2_ws/install/ndt_omp_ros2/share/ndt_omp_ros2/package.bash'
[0.553s] INFO:colcon.colcon_core.shell:Creating package script '/home/atoz/ros2_ws/install/ndt_omp_ros2/share/ndt_omp_ros2/package.zsh'
[0.553s] Level 1:colcon.colcon_core.environment:create_file_with_runtime_dependencies(/home/atoz/ros2_ws/install/ndt_omp_ros2/share/colcon-core/packages/ndt_omp_ros2)
[0.677s] DEBUG:colcon.colcon_core.event_handler.log_command:Invoking command in '/home/atoz/ros2_ws/src/my_robot_sim': PYTHONPATH=/home/atoz/ros2_ws/build/my_robot_sim/prefix_override:/usr/lib/python3/dist-packages/colcon_core/task/python/colcon_distutils_commands:/home/atoz/ros2_ws/install/my_robot_sim/lib/python3.10/site-packages:${PYTHONPATH} /usr/bin/python3 -W ignore:setup.py install is deprecated -W ignore:easy_install command is deprecated setup.py egg_info --egg-base ../../build/my_robot_sim build --build-base /home/atoz/ros2_ws/build/my_robot_sim/build install --record /home/atoz/ros2_ws/build/my_robot_sim/install.log --single-version-externally-managed install_data
[0.867s] Level 1:colcon.colcon_core.environment:checking '/home/atoz/ros2_ws/install/my_robot_sim' for CMake module files
[0.867s] DEBUG:colcon.colcon_core.event_handler.log_command:Invoked command in '/home/atoz/ros2_ws/src/my_robot_sim' returned '0': PYTHONPATH=/home/atoz/ros2_ws/build/my_robot_sim/prefix_override:/usr/lib/python3/dist-packages/colcon_core/task/python/colcon_distutils_commands:/home/atoz/ros2_ws/install/my_robot_sim/lib/python3.10/site-packages:${PYTHONPATH} /usr/bin/python3 -W ignore:setup.py install is deprecated -W ignore:easy_install command is deprecated setup.py egg_info --egg-base ../../build/my_robot_sim build --build-base /home/atoz/ros2_ws/build/my_robot_sim/build install --record /home/atoz/ros2_ws/build/my_robot_sim/install.log --single-version-externally-managed install_data
[0.868s] Level 1:colcon.colcon_core.environment:checking '/home/atoz/ros2_ws/install/my_robot_sim' for CMake config files
[0.868s] Level 1:colcon.colcon_core.environment:checking '/home/atoz/ros2_ws/install/my_robot_sim/lib'
[0.868s] Level 1:colcon.colcon_core.environment:checking '/home/atoz/ros2_ws/install/my_robot_sim/bin'
[0.868s] Level 1:colcon.colcon_core.shell:create_environment_hook('my_robot_sim', 'path')
[0.868s] INFO:colcon.colcon_core.shell:Creating environment hook '/home/atoz/ros2_ws/install/my_robot_sim/share/my_robot_sim/hook/path.ps1'
[0.869s] INFO:colcon.colcon_core.shell:Creating environment descriptor '/home/atoz/ros2_ws/install/my_robot_sim/share/my_robot_sim/hook/path.dsv'
[0.869s] INFO:colcon.colcon_core.shell:Creating environment hook '/home/atoz/ros2_ws/install/my_robot_sim/share/my_robot_sim/hook/path.sh'
[0.869s] Level 1:colcon.colcon_core.environment:checking '/home/atoz/ros2_ws/install/my_robot_sim/lib/pkgconfig/my_robot_sim.pc'
[0.869s] Level 1:colcon.colcon_core.environment:checking '/home/atoz/ros2_ws/install/my_robot_sim/lib/python3.10/site-packages'
[0.869s] Level 1:colcon.colcon_core.shell:create_environment_hook('my_robot_sim', 'pythonpath')
[0.869s] INFO:colcon.colcon_core.shell:Creating environment hook '/home/atoz/ros2_ws/install/my_robot_sim/share/my_robot_sim/hook/pythonpath.ps1'
[0.870s] INFO:colcon.colcon_core.shell:Creating environment descriptor '/home/atoz/ros2_ws/install/my_robot_sim/share/my_robot_sim/hook/pythonpath.dsv'
[0.870s] INFO:colcon.colcon_core.shell:Creating environment hook '/home/atoz/ros2_ws/install/my_robot_sim/share/my_robot_sim/hook/pythonpath.sh'
[0.870s] Level 1:colcon.colcon_core.environment:checking '/home/atoz/ros2_ws/install/my_robot_sim/bin'
[0.870s] Level 1:colcon.colcon_core.shell:create_environment_hook('my_robot_sim', 'pythonscriptspath')
[0.870s] INFO:colcon.colcon_core.shell:Creating environment hook '/home/atoz/ros2_ws/install/my_robot_sim/share/my_robot_sim/hook/pythonscriptspath.ps1'
[0.871s] INFO:colcon.colcon_core.shell:Creating environment descriptor '/home/atoz/ros2_ws/install/my_robot_sim/share/my_robot_sim/hook/pythonscriptspath.dsv'
[0.871s] INFO:colcon.colcon_core.shell:Creating environment hook '/home/atoz/ros2_ws/install/my_robot_sim/share/my_robot_sim/hook/pythonscriptspath.sh'
[0.871s] Level 1:colcon.colcon_core.environment:create_environment_scripts_only(my_robot_sim)
[0.871s] INFO:colcon.colcon_core.shell:Creating package script '/home/atoz/ros2_ws/install/my_robot_sim/share/my_robot_sim/package.ps1'
[0.871s] INFO:colcon.colcon_core.shell:Creating package descriptor '/home/atoz/ros2_ws/install/my_robot_sim/share/my_robot_sim/package.dsv'
[0.872s] INFO:colcon.colcon_core.shell:Creating package script '/home/atoz/ros2_ws/install/my_robot_sim/share/my_robot_sim/package.sh'
[0.872s] INFO:colcon.colcon_core.shell:Creating package script '/home/atoz/ros2_ws/install/my_robot_sim/share/my_robot_sim/package.bash'
[0.872s] INFO:colcon.colcon_core.shell:Creating package script '/home/atoz/ros2_ws/install/my_robot_sim/share/my_robot_sim/package.zsh'
[0.872s] Level 1:colcon.colcon_core.environment:create_file_with_runtime_dependencies(/home/atoz/ros2_ws/install/my_robot_sim/share/colcon-core/packages/my_robot_sim)
[0.872s] DEBUG:colcon.colcon_parallel_executor.executor.parallel:closing loop
[0.873s] DEBUG:colcon.colcon_parallel_executor.executor.parallel:loop closed
[0.873s] DEBUG:colcon.colcon_parallel_executor.executor.parallel:run_until_complete finished with '0'
[0.873s] DEBUG:colcon.colcon_core.event_reactor:joining thread
[0.876s] INFO:colcon.colcon_core.plugin_system:Skipping extension 'colcon_notification.desktop_notification.terminal_notifier': Not used on non-Darwin systems
[0.876s] INFO:colcon.colcon_core.plugin_system:Skipping extension 'colcon_notification.desktop_notification.win32': Not used on non-Windows systems
[0.876s] INFO:colcon.colcon_notification.desktop_notification:Sending desktop notification using 'notify2'
[0.887s] DEBUG:colcon.colcon_core.event_reactor:joined thread
[0.888s] INFO:colcon.colcon_core.shell:Creating prefix script '/home/atoz/ros2_ws/install/local_setup.ps1'
[0.888s] INFO:colcon.colcon_core.shell:Creating prefix util module '/home/atoz/ros2_ws/install/_local_setup_util_ps1.py'
[0.889s] INFO:colcon.colcon_core.shell:Creating prefix chain script '/home/atoz/ros2_ws/install/setup.ps1'
[0.890s] INFO:colcon.colcon_core.shell:Creating prefix script '/home/atoz/ros2_ws/install/local_setup.sh'
[0.890s] INFO:colcon.colcon_core.shell:Creating prefix util module '/home/atoz/ros2_ws/install/_local_setup_util_sh.py'
[0.891s] INFO:colcon.colcon_core.shell:Creating prefix chain script '/home/atoz/ros2_ws/install/setup.sh'
[0.891s] INFO:colcon.colcon_core.shell:Creating prefix script '/home/atoz/ros2_ws/install/local_setup.bash'
[0.892s] INFO:colcon.colcon_core.shell:Creating prefix chain script '/home/atoz/ros2_ws/install/setup.bash'
[0.892s] INFO:colcon.colcon_core.shell:Creating prefix script '/home/atoz/ros2_ws/install/local_setup.zsh'
[0.893s] INFO:colcon.colcon_core.shell:Creating prefix chain script '/home/atoz/ros2_ws/install/setup.zsh'
