[0.181s] Invoking command in '/home/atoz/ros2_ws/build/omo_r1mini_bringup': CMAKE_PREFIX_PATH=${CMAKE_PREFIX_PATH}:/opt/ros/humble /usr/bin/cmake /home/atoz/ros2_ws/src/omo_r1mini_bringup -DCMAKE_INSTALL_PREFIX=/home/atoz/ros2_ws/install/omo_r1mini_bringup
[0.226s] -- The C compiler identification is GNU 11.4.0
[0.272s] -- The CXX compiler identification is GNU 11.4.0
[0.277s] -- Detecting C compiler ABI info
[0.331s] -- Detecting C compiler ABI info - done
[0.336s] -- Check for working C compiler: /usr/bin/cc - skipped
[0.336s] -- Detecting C compile features
[0.336s] -- Detecting C compile features - done
[0.339s] -- Detecting CXX compiler ABI info
[0.401s] -- Detecting CXX compiler ABI info - done
[0.408s] -- Check for working CXX compiler: /usr/bin/c++ - skipped
[0.408s] -- Detecting CXX compile features
[0.408s] -- Detecting CXX compile features - done
[0.410s] -- Found ament_cmake: 1.3.11 (/opt/ros/humble/share/ament_cmake/cmake)
[0.537s] -- Found Python3: /usr/bin/python3 (found version "3.10.12") found components: Interpreter 
[0.604s] -- Found rclcpp: 16.0.12 (/opt/ros/humble/share/rclcpp/cmake)
[0.635s] -- Found rosidl_generator_c: 3.1.6 (/opt/ros/humble/share/rosidl_generator_c/cmake)
[0.639s] -- Found rosidl_adapter: 3.1.6 (/opt/ros/humble/share/rosidl_adapter/cmake)
[0.644s] -- Found rosidl_generator_cpp: 3.1.6 (/opt/ros/humble/share/rosidl_generator_cpp/cmake)
[0.653s] -- Using all available rosidl_typesupport_c: rosidl_typesupport_fastrtps_c;rosidl_typesupport_introspection_c
[0.664s] -- Using all available rosidl_typesupport_cpp: rosidl_typesupport_fastrtps_cpp;rosidl_typesupport_introspection_cpp
[0.695s] -- Found rmw_implementation_cmake: 6.1.2 (/opt/ros/humble/share/rmw_implementation_cmake/cmake)
[0.697s] -- Found rmw_fastrtps_cpp: 6.2.7 (/opt/ros/humble/share/rmw_fastrtps_cpp/cmake)
[0.768s] -- Found OpenSSL: /usr/lib/x86_64-linux-gnu/libcrypto.so (found version "3.0.2")  
[0.792s] -- Found FastRTPS: /opt/ros/humble/include  
[0.824s] -- Using RMW implementation 'rmw_fastrtps_cpp' as default
[0.831s] -- Looking for pthread.h
[0.902s] -- Looking for pthread.h - found
[0.902s] -- Performing Test CMAKE_HAVE_LIBC_PTHREAD
[0.971s] -- Performing Test CMAKE_HAVE_LIBC_PTHREAD - Success
[0.973s] -- Found Threads: TRUE  
[1.009s] -- Found ament_lint_auto: 0.12.12 (/opt/ros/humble/share/ament_lint_auto/cmake)
[1.064s] -- Added test 'lint_cmake' to check CMake code style
[1.064s] -- Added test 'xmllint' to check XML markup files
[1.065s] -- Configuring done
[1.067s] -- Generating done
[1.068s] -- Build files have been written to: /home/atoz/ros2_ws/build/omo_r1mini_bringup
[1.076s] Invoked command in '/home/atoz/ros2_ws/build/omo_r1mini_bringup' returned '0': CMAKE_PREFIX_PATH=${CMAKE_PREFIX_PATH}:/opt/ros/humble /usr/bin/cmake /home/atoz/ros2_ws/src/omo_r1mini_bringup -DCMAKE_INSTALL_PREFIX=/home/atoz/ros2_ws/install/omo_r1mini_bringup
[1.077s] Invoking command in '/home/atoz/ros2_ws/build/omo_r1mini_bringup': CMAKE_PREFIX_PATH=${CMAKE_PREFIX_PATH}:/opt/ros/humble /usr/bin/cmake --build /home/atoz/ros2_ws/build/omo_r1mini_bringup -- -j12 -l12
[1.105s] Invoked command in '/home/atoz/ros2_ws/build/omo_r1mini_bringup' returned '0': CMAKE_PREFIX_PATH=${CMAKE_PREFIX_PATH}:/opt/ros/humble /usr/bin/cmake --build /home/atoz/ros2_ws/build/omo_r1mini_bringup -- -j12 -l12
[1.106s] Invoking command in '/home/atoz/ros2_ws/build/omo_r1mini_bringup': CMAKE_PREFIX_PATH=${CMAKE_PREFIX_PATH}:/opt/ros/humble /usr/bin/cmake --install /home/atoz/ros2_ws/build/omo_r1mini_bringup
[1.114s] -- Install configuration: ""
[1.114s] -- Installing: /home/atoz/ros2_ws/install/omo_r1mini_bringup/share/ament_index/resource_index/package_run_dependencies/omo_r1mini_bringup
[1.114s] -- Installing: /home/atoz/ros2_ws/install/omo_r1mini_bringup/share/ament_index/resource_index/parent_prefix_path/omo_r1mini_bringup
[1.114s] -- Installing: /home/atoz/ros2_ws/install/omo_r1mini_bringup/share/omo_r1mini_bringup/environment/ament_prefix_path.sh
[1.115s] -- Installing: /home/atoz/ros2_ws/install/omo_r1mini_bringup/share/omo_r1mini_bringup/environment/ament_prefix_path.dsv
[1.115s] -- Installing: /home/atoz/ros2_ws/install/omo_r1mini_bringup/share/omo_r1mini_bringup/environment/path.sh
[1.115s] -- Installing: /home/atoz/ros2_ws/install/omo_r1mini_bringup/share/omo_r1mini_bringup/environment/path.dsv
[1.115s] -- Installing: /home/atoz/ros2_ws/install/omo_r1mini_bringup/share/omo_r1mini_bringup/local_setup.bash
[1.115s] -- Installing: /home/atoz/ros2_ws/install/omo_r1mini_bringup/share/omo_r1mini_bringup/local_setup.sh
[1.115s] -- Installing: /home/atoz/ros2_ws/install/omo_r1mini_bringup/share/omo_r1mini_bringup/local_setup.zsh
[1.115s] -- Installing: /home/atoz/ros2_ws/install/omo_r1mini_bringup/share/omo_r1mini_bringup/local_setup.dsv
[1.115s] -- Installing: /home/atoz/ros2_ws/install/omo_r1mini_bringup/share/omo_r1mini_bringup/package.dsv
[1.115s] -- Installing: /home/atoz/ros2_ws/install/omo_r1mini_bringup/share/ament_index/resource_index/packages/omo_r1mini_bringup
[1.115s] -- Installing: /home/atoz/ros2_ws/install/omo_r1mini_bringup/share/omo_r1mini_bringup/cmake/omo_r1mini_bringupConfig.cmake
[1.115s] -- Installing: /home/atoz/ros2_ws/install/omo_r1mini_bringup/share/omo_r1mini_bringup/cmake/omo_r1mini_bringupConfig-version.cmake
[1.115s] -- Installing: /home/atoz/ros2_ws/install/omo_r1mini_bringup/share/omo_r1mini_bringup/package.xml
[1.117s] Invoked command in '/home/atoz/ros2_ws/build/omo_r1mini_bringup' returned '0': CMAKE_PREFIX_PATH=${CMAKE_PREFIX_PATH}:/opt/ros/humble /usr/bin/cmake --install /home/atoz/ros2_ws/build/omo_r1mini_bringup
