[0.179s] Invoking command in '/home/atoz/ros2_ws/build/ndt_omp_ros2': CMAKE_PREFIX_PATH=${CMAKE_PREFIX_PATH}:/opt/ros/humble /usr/bin/cmake /home/atoz/ros2_ws/src/ndt_omp_ros2 -DCMAKE_INSTALL_PREFIX=/home/atoz/ros2_ws/install/ndt_omp_ros2
[0.225s] -- The C compiler identification is GNU 11.4.0
[0.269s] -- The CXX compiler identification is GNU 11.4.0
[0.277s] -- Detecting C compiler ABI info
[0.339s] -- Detecting C compiler ABI info - done
[0.345s] -- Check for working C compiler: /usr/bin/cc - skipped
[0.346s] -- Detecting C compile features
[0.346s] -- Detecting C compile features - done
[0.348s] -- Detecting CXX compiler ABI info
[0.422s] -- Detecting CXX compiler ABI info - done
[0.432s] -- Check for working CXX compiler: /usr/bin/c++ - skipped
[0.432s] -- Detecting CXX compile features
[0.432s] -- Detecting CXX compile features - done
[0.434s] -- Found ament_cmake: 1.3.11 (/opt/ros/humble/share/ament_cmake/cmake)
[0.553s] -- Found Python3: /usr/bin/python3 (found version "3.10.12") found components: Interpreter 
[0.622s] -- Found rclcpp: 16.0.12 (/opt/ros/humble/share/rclcpp/cmake)
[0.655s] -- Found rosidl_generator_c: 3.1.6 (/opt/ros/humble/share/rosidl_generator_c/cmake)
[0.658s] -- Found rosidl_adapter: 3.1.6 (/opt/ros/humble/share/rosidl_adapter/cmake)
[0.664s] -- Found rosidl_generator_cpp: 3.1.6 (/opt/ros/humble/share/rosidl_generator_cpp/cmake)
[0.673s] -- Using all available rosidl_typesupport_c: rosidl_typesupport_fastrtps_c;rosidl_typesupport_introspection_c
[0.684s] -- Using all available rosidl_typesupport_cpp: rosidl_typesupport_fastrtps_cpp;rosidl_typesupport_introspection_cpp
[0.718s] -- Found rmw_implementation_cmake: 6.1.2 (/opt/ros/humble/share/rmw_implementation_cmake/cmake)
[0.720s] -- Found rmw_fastrtps_cpp: 6.2.7 (/opt/ros/humble/share/rmw_fastrtps_cpp/cmake)
[0.789s] -- Found OpenSSL: /usr/lib/x86_64-linux-gnu/libcrypto.so (found version "3.0.2")  
[0.813s] -- Found FastRTPS: /opt/ros/humble/include  
[0.848s] -- Using RMW implementation 'rmw_fastrtps_cpp' as default
[0.855s] -- Looking for pthread.h
[0.933s] -- Looking for pthread.h - found
[0.933s] -- Performing Test CMAKE_HAVE_LIBC_PTHREAD
[0.995s] -- Performing Test CMAKE_HAVE_LIBC_PTHREAD - Success
[0.996s] -- Found Threads: TRUE  
[1.041s] -- Checking for module 'eigen3'
[1.053s] --   Found eigen3, version 3.4.0
[1.080s] -- Found Eigen: /usr/include/eigen3 (Required is at least version "3.1") 
[1.080s] -- Eigen found (include: /usr/include/eigen3, version: 3.4.0)
[1.094s] -- Found Boost: /usr/lib/x86_64-linux-gnu/cmake/Boost-1.74.0/BoostConfig.cmake (found suitable version "1.74.0", minimum required is "1.65.0") found components: system filesystem date_time iostreams serialization 
[1.105s] -- Checking for module 'flann'
[1.115s] --   Found flann, version 1.9.1
[1.152s] -- Found FLANN: /usr/lib/x86_64-linux-gnu/libflann_cpp.so  
[1.152s] -- FLANN found (include: /usr/include, lib: /usr/lib/x86_64-linux-gnu/libflann_cpp.so)
[1.180s] -- Found GLEW: /usr/lib/x86_64-linux-gnu/libGLEW.so  
[1.184s] -- Found OpenGL: /usr/lib/x86_64-linux-gnu/libOpenGL.so  found components: OpenGL GLX 
[1.326s] -- Found MPI_C: /usr/lib/x86_64-linux-gnu/libmpi.so (found version "3.1") 
[1.326s] -- Found MPI: TRUE (found version "3.1") found components: C 
[1.327s] -- Found JsonCpp: /usr/lib/x86_64-linux-gnu/libjsoncpp.so (found suitable version "1.9.5", minimum required is "0.7.0") 
[1.337s] -- Found ZLIB: /usr/lib/x86_64-linux-gnu/libz.so (found version "1.2.11") 
[1.349s] -- Found PNG: /usr/lib/x86_64-linux-gnu/libpng.so (found version "1.6.37") 
[1.357s] -- Found Eigen3: /usr/include/eigen3 (found version "3.4.0") 
[1.437s] -- Found X11: /usr/include   
[1.437s] -- Looking for XOpenDisplay in /usr/lib/x86_64-linux-gnu/libX11.so;/usr/lib/x86_64-linux-gnu/libXext.so
[1.518s] -- Looking for XOpenDisplay in /usr/lib/x86_64-linux-gnu/libX11.so;/usr/lib/x86_64-linux-gnu/libXext.so - found
[1.518s] -- Looking for gethostbyname
[1.591s] -- Looking for gethostbyname - found
[1.591s] -- Looking for connect
[1.669s] -- Looking for connect - found
[1.669s] -- Looking for remove
[1.745s] -- Looking for remove - found
[1.745s] -- Looking for shmat
[1.827s] -- Looking for shmat - found
[1.827s] -- Looking for IceConnectionNumber in ICE
[1.899s] -- Looking for IceConnectionNumber in ICE - found
[1.994s] -- Found EXPAT: /usr/lib/x86_64-linux-gnu/libexpat.so (found version "2.4.7") 
[1.997s] -- Found double-conversion: /usr/lib/x86_64-linux-gnu/libdouble-conversion.so  
[2.000s] -- Found LZ4: /usr/lib/x86_64-linux-gnu/liblz4.so (found version "1.9.3") 
[2.002s] -- Found LZMA: /usr/lib/x86_64-linux-gnu/liblzma.so (found version "5.2.5") 
[2.013s] -- Found JPEG: /usr/lib/x86_64-linux-gnu/libjpeg.so (found version "80") 
[2.016s] -- Found TIFF: /usr/lib/x86_64-linux-gnu/libtiff.so (found version "4.3.0")  
[2.019s] -- Found Freetype: /usr/lib/x86_64-linux-gnu/libfreetype.so (found version "2.11.1") 
[2.023s] -- Found utf8cpp: /usr/include/utf8cpp  
[2.101s] -- Checking for module 'libusb-1.0'
[2.118s] --   Found libusb-1.0, version 1.0.25
[2.161s] -- Found libusb: /usr/lib/x86_64-linux-gnu/libusb-1.0.so  
[2.162s] -- Found OpenNI: /usr/lib/libOpenNI.so;libusb::libusb (found version "1.5.4.0") 
[2.162s] -- OpenNI found (version: 1.5.4.0, include: /usr/include/ni, lib: /usr/lib/libOpenNI.so;libusb::libusb)
[2.227s] -- Found OpenNI2: /usr/lib/x86_64-linux-gnu/libOpenNI2.so;libusb::libusb (found version "2.2.0.33") 
[2.227s] -- OpenNI2 found (version: 2.2.0.33, include: /usr/include/openni2, lib: /usr/lib/x86_64-linux-gnu/libOpenNI2.so;libusb::libusb)
[2.227s] [0m** WARNING ** io features related to pcap will be disabled[0m
[2.355s] -- Eigen found (include: /usr/include/eigen3, version: 3.4.0)
[2.361s] -- OpenNI found (version: 1.5.4.0, include: /usr/include/ni, lib: /usr/lib/libOpenNI.so;libusb::libusb)
[2.368s] -- OpenNI2 found (version: 2.2.0.33, include: /usr/include/openni2, lib: /usr/lib/x86_64-linux-gnu/libOpenNI2.so;libusb::libusb)
[2.486s] -- Found Qhull version 8.0.2
[2.600s] -- OpenNI found (version: 1.5.4.0, include: /usr/include/ni, lib: /usr/lib/libOpenNI.so;libusb::libusb)
[2.707s] -- looking for PCL_COMMON
[2.708s] -- Found PCL_COMMON: /usr/lib/x86_64-linux-gnu/libpcl_common.so  
[2.708s] -- looking for PCL_KDTREE
[2.708s] -- Found PCL_KDTREE: /usr/lib/x86_64-linux-gnu/libpcl_kdtree.so  
[2.708s] -- looking for PCL_OCTREE
[2.709s] -- Found PCL_OCTREE: /usr/lib/x86_64-linux-gnu/libpcl_octree.so  
[2.709s] -- looking for PCL_SEARCH
[2.709s] -- Found PCL_SEARCH: /usr/lib/x86_64-linux-gnu/libpcl_search.so  
[2.709s] -- looking for PCL_SAMPLE_CONSENSUS
[2.710s] -- Found PCL_SAMPLE_CONSENSUS: /usr/lib/x86_64-linux-gnu/libpcl_sample_consensus.so  
[2.710s] -- looking for PCL_FILTERS
[2.711s] -- Found PCL_FILTERS: /usr/lib/x86_64-linux-gnu/libpcl_filters.so  
[2.711s] -- looking for PCL_2D
[2.711s] -- Found PCL_2D: /usr/include/pcl-1.12  
[2.711s] -- looking for PCL_GEOMETRY
[2.711s] -- Found PCL_GEOMETRY: /usr/include/pcl-1.12  
[2.711s] -- looking for PCL_IO
[2.712s] -- Found PCL_IO: /usr/lib/x86_64-linux-gnu/libpcl_io.so  
[2.712s] -- looking for PCL_FEATURES
[2.712s] -- Found PCL_FEATURES: /usr/lib/x86_64-linux-gnu/libpcl_features.so  
[2.712s] -- looking for PCL_ML
[2.713s] -- Found PCL_ML: /usr/lib/x86_64-linux-gnu/libpcl_ml.so  
[2.713s] -- looking for PCL_SEGMENTATION
[2.714s] -- Found PCL_SEGMENTATION: /usr/lib/x86_64-linux-gnu/libpcl_segmentation.so  
[2.714s] -- looking for PCL_VISUALIZATION
[2.714s] -- Found PCL_VISUALIZATION: /usr/lib/x86_64-linux-gnu/libpcl_visualization.so  
[2.714s] -- looking for PCL_SURFACE
[2.715s] -- Found PCL_SURFACE: /usr/lib/x86_64-linux-gnu/libpcl_surface.so  
[2.715s] -- looking for PCL_REGISTRATION
[2.716s] -- Found PCL_REGISTRATION: /usr/lib/x86_64-linux-gnu/libpcl_registration.so  
[2.716s] -- looking for PCL_KEYPOINTS
[2.716s] -- Found PCL_KEYPOINTS: /usr/lib/x86_64-linux-gnu/libpcl_keypoints.so  
[2.716s] -- looking for PCL_TRACKING
[2.717s] -- Found PCL_TRACKING: /usr/lib/x86_64-linux-gnu/libpcl_tracking.so  
[2.717s] -- looking for PCL_RECOGNITION
[2.718s] -- Found PCL_RECOGNITION: /usr/lib/x86_64-linux-gnu/libpcl_recognition.so  
[2.718s] -- looking for PCL_STEREO
[2.718s] -- Found PCL_STEREO: /usr/lib/x86_64-linux-gnu/libpcl_stereo.so  
[2.718s] -- looking for PCL_APPS
[2.719s] -- Found PCL_APPS: /usr/lib/x86_64-linux-gnu/libpcl_apps.so  
[2.719s] -- looking for PCL_IN_HAND_SCANNER
[2.719s] -- Found PCL_IN_HAND_SCANNER: /usr/include/pcl-1.12  
[2.720s] -- looking for PCL_MODELER
[2.720s] -- Found PCL_MODELER: /usr/include/pcl-1.12  
[2.720s] -- looking for PCL_POINT_CLOUD_EDITOR
[2.720s] -- Found PCL_POINT_CLOUD_EDITOR: /usr/include/pcl-1.12  
[2.720s] -- looking for PCL_OUTOFCORE
[2.721s] -- Found PCL_OUTOFCORE: /usr/lib/x86_64-linux-gnu/libpcl_outofcore.so  
[2.721s] -- looking for PCL_PEOPLE
[2.721s] -- Found PCL_PEOPLE: /usr/lib/x86_64-linux-gnu/libpcl_people.so  
[2.722s] -- Found PCL: pcl_common;pcl_kdtree;pcl_octree;pcl_search;pcl_sample_consensus;pcl_filters;pcl_io;pcl_features;pcl_ml;pcl_segmentation;pcl_visualization;pcl_surface;pcl_registration;pcl_keypoints;pcl_tracking;pcl_recognition;pcl_stereo;pcl_apps;pcl_outofcore;pcl_people;Boost::system;Boost::filesystem;Boost::date_time;Boost::iostreams;Boost::serialization;/usr/lib/libOpenNI.so;libusb::libusb;/usr/lib/x86_64-linux-gnu/libOpenNI2.so;libusb::libusb;VTK::ChartsCore;VTK::CommonColor;VTK::CommonComputationalGeometry;VTK::CommonCore;VTK::CommonDataModel;VTK::CommonExecutionModel;VTK::CommonMath;VTK::CommonMisc;VTK::CommonTransforms;VTK::FiltersCore;VTK::FiltersExtraction;VTK::FiltersGeneral;VTK::FiltersGeometry;VTK::FiltersModeling;VTK::FiltersSources;VTK::ImagingCore;VTK::ImagingSources;VTK::InteractionImage;VTK::InteractionStyle;VTK::InteractionWidgets;VTK::IOCore;VTK::IOGeometry;VTK::IOImage;VTK::IOLegacy;VTK::IOPLY;VTK::RenderingAnnotation;VTK::RenderingCore;VTK::RenderingContext2D;VTK::RenderingLOD;VTK::RenderingFreeType;VTK::ViewsCore;VTK::ViewsContext2D;VTK::RenderingOpenGL2;VTK::GUISupportQt;FLANN::FLANN;QHULL::QHULL (Required is at least version "1.12") 
[2.722s] -- PCL_INCLUDE_DIRS:/usr/include/pcl-1.12/usr/include/eigen3/usr/include/usr/include/ni/usr/include/openni2
[2.722s] -- PCL_LIBRARY_DIRS:/usr/lib/x86_64-linux-gnu
[2.722s] -- PCL_DEFINITIONS:-DDISABLE_PCAP
[2.959s] -- Found OpenMP_C: -fopenmp (found version "4.5") 
[3.058s] -- Found OpenMP_CXX: -fopenmp (found version "4.5") 
[3.058s] -- Found OpenMP: TRUE (found version "4.5")  
[3.109s] -- Configuring done
[3.125s] -- Generating done
[3.131s] -- Build files have been written to: /home/atoz/ros2_ws/build/ndt_omp_ros2
[3.146s] Invoked command in '/home/atoz/ros2_ws/build/ndt_omp_ros2' returned '0': CMAKE_PREFIX_PATH=${CMAKE_PREFIX_PATH}:/opt/ros/humble /usr/bin/cmake /home/atoz/ros2_ws/src/ndt_omp_ros2 -DCMAKE_INSTALL_PREFIX=/home/atoz/ros2_ws/install/ndt_omp_ros2
[3.147s] Invoking command in '/home/atoz/ros2_ws/build/ndt_omp_ros2': CMAKE_PREFIX_PATH=${CMAKE_PREFIX_PATH}:/opt/ros/humble /usr/bin/cmake --build /home/atoz/ros2_ws/build/ndt_omp_ros2 -- -j12 -l12
[3.195s] [ 33%] [32mBuilding CXX object CMakeFiles/ndt_omp.dir/src/pclomp/voxel_grid_covariance_omp.cpp.o[0m
[3.196s] [ 33%] [32mBuilding CXX object CMakeFiles/ndt_omp.dir/src/pclomp/ndt_omp.cpp.o[0m
[3.196s] [ 50%] [32mBuilding CXX object CMakeFiles/ndt_omp.dir/src/pclomp/gicp_omp.cpp.o[0m
[14.555s] [ 66%] [32m[1mLinking CXX static library libndt_omp.a[0m
[14.602s] [ 66%] Built target ndt_omp
[14.629s] [ 83%] [32mBuilding CXX object CMakeFiles/align.dir/apps/align.cpp.o[0m
[32.750s] [100%] [32m[1mLinking CXX executable align[0m
[33.501s] [100%] Built target align
[33.517s] Invoked command in '/home/atoz/ros2_ws/build/ndt_omp_ros2' returned '0': CMAKE_PREFIX_PATH=${CMAKE_PREFIX_PATH}:/opt/ros/humble /usr/bin/cmake --build /home/atoz/ros2_ws/build/ndt_omp_ros2 -- -j12 -l12
[33.519s] Invoking command in '/home/atoz/ros2_ws/build/ndt_omp_ros2': CMAKE_PREFIX_PATH=${CMAKE_PREFIX_PATH}:/opt/ros/humble /usr/bin/cmake --install /home/atoz/ros2_ws/build/ndt_omp_ros2
[33.531s] -- Install configuration: "RELEASE"
[33.531s] -- Installing: /home/atoz/ros2_ws/install/ndt_omp_ros2/lib/ndt_omp_ros2/align
[33.532s] -- Set runtime path of "/home/atoz/ros2_ws/install/ndt_omp_ros2/lib/ndt_omp_ros2/align" to ""
[33.532s] -- Installing: /home/atoz/ros2_ws/install/ndt_omp_ros2/bin/align
[33.533s] -- Set runtime path of "/home/atoz/ros2_ws/install/ndt_omp_ros2/bin/align" to ""
[33.533s] -- Installing: /home/atoz/ros2_ws/install/ndt_omp_ros2/include
[33.533s] -- Installing: /home/atoz/ros2_ws/install/ndt_omp_ros2/include/pclomp
[33.533s] -- Installing: /home/atoz/ros2_ws/install/ndt_omp_ros2/include/pclomp/ndt_omp.h
[33.533s] -- Installing: /home/atoz/ros2_ws/install/ndt_omp_ros2/include/pclomp/ndt_omp_impl.hpp
[33.534s] -- Installing: /home/atoz/ros2_ws/install/ndt_omp_ros2/include/pclomp/gicp_omp.h
[33.534s] -- Installing: /home/atoz/ros2_ws/install/ndt_omp_ros2/include/pclomp/voxel_grid_covariance_omp_impl.hpp
[33.534s] -- Installing: /home/atoz/ros2_ws/install/ndt_omp_ros2/include/pclomp/voxel_grid_covariance_omp.h
[33.534s] -- Installing: /home/atoz/ros2_ws/install/ndt_omp_ros2/include/pclomp/gicp_omp_impl.hpp
[33.534s] -- Installing: /home/atoz/ros2_ws/install/ndt_omp_ros2/share/ament_index/resource_index/package_run_dependencies/ndt_omp_ros2
[33.534s] -- Installing: /home/atoz/ros2_ws/install/ndt_omp_ros2/share/ament_index/resource_index/parent_prefix_path/ndt_omp_ros2
[33.534s] -- Installing: /home/atoz/ros2_ws/install/ndt_omp_ros2/share/ndt_omp_ros2/environment/ament_prefix_path.sh
[33.534s] -- Installing: /home/atoz/ros2_ws/install/ndt_omp_ros2/share/ndt_omp_ros2/environment/ament_prefix_path.dsv
[33.534s] -- Installing: /home/atoz/ros2_ws/install/ndt_omp_ros2/share/ndt_omp_ros2/environment/path.sh
[33.534s] -- Installing: /home/atoz/ros2_ws/install/ndt_omp_ros2/share/ndt_omp_ros2/environment/path.dsv
[33.534s] -- Installing: /home/atoz/ros2_ws/install/ndt_omp_ros2/share/ndt_omp_ros2/local_setup.bash
[33.534s] -- Installing: /home/atoz/ros2_ws/install/ndt_omp_ros2/share/ndt_omp_ros2/local_setup.sh
[33.534s] -- Installing: /home/atoz/ros2_ws/install/ndt_omp_ros2/share/ndt_omp_ros2/local_setup.zsh
[33.534s] -- Installing: /home/atoz/ros2_ws/install/ndt_omp_ros2/share/ndt_omp_ros2/local_setup.dsv
[33.534s] -- Installing: /home/atoz/ros2_ws/install/ndt_omp_ros2/share/ndt_omp_ros2/package.dsv
[33.534s] -- Installing: /home/atoz/ros2_ws/install/ndt_omp_ros2/share/ament_index/resource_index/packages/ndt_omp_ros2
[33.534s] -- Installing: /home/atoz/ros2_ws/install/ndt_omp_ros2/share/ndt_omp_ros2/cmake/ament_cmake_export_dependencies-extras.cmake
[33.535s] -- Installing: /home/atoz/ros2_ws/install/ndt_omp_ros2/share/ndt_omp_ros2/cmake/ament_cmake_export_include_directories-extras.cmake
[33.535s] -- Installing: /home/atoz/ros2_ws/install/ndt_omp_ros2/share/ndt_omp_ros2/cmake/ndt_omp_ros2Config.cmake
[33.535s] -- Installing: /home/atoz/ros2_ws/install/ndt_omp_ros2/share/ndt_omp_ros2/cmake/ndt_omp_ros2Config-version.cmake
[33.535s] -- Installing: /home/atoz/ros2_ws/install/ndt_omp_ros2/share/ndt_omp_ros2/package.xml
[33.537s] Invoked command in '/home/atoz/ros2_ws/build/ndt_omp_ros2' returned '0': CMAKE_PREFIX_PATH=${CMAKE_PREFIX_PATH}:/opt/ros/humble /usr/bin/cmake --install /home/atoz/ros2_ws/build/ndt_omp_ros2
