[0.015s] Invoking command in '/home/atoz/ros2_ws/build/my_robot_gazebo': CMAKE_PREFIX_PATH=${CMAKE_PREFIX_PATH}:/home/atoz/ros2_ws/install/my_robot_sim:/opt/ros/humble /usr/bin/cmake --build /home/atoz/ros2_ws/build/my_robot_gazebo -- -j12 -l12
[0.196s] Invoked command in '/home/atoz/ros2_ws/build/my_robot_gazebo' returned '0': CMAKE_PREFIX_PATH=${CMAKE_PREFIX_PATH}:/home/atoz/ros2_ws/install/my_robot_sim:/opt/ros/humble /usr/bin/cmake --build /home/atoz/ros2_ws/build/my_robot_gazebo -- -j12 -l12
[0.202s] Invoking command in '/home/atoz/ros2_ws/build/my_robot_gazebo': CMAKE_PREFIX_PATH=${CMAKE_PREFIX_PATH}:/home/atoz/ros2_ws/install/my_robot_sim:/opt/ros/humble /usr/bin/cmake --install /home/atoz/ros2_ws/build/my_robot_gazebo
[0.208s] -- Install configuration: ""
[0.208s] -- Up-to-date: /home/atoz/ros2_ws/install/my_robot_gazebo/share/my_robot_gazebo/launch
[0.208s] -- Up-to-date: /home/atoz/ros2_ws/install/my_robot_gazebo/share/my_robot_gazebo/launch/my_world.launch.py
[0.209s] -- Up-to-date: /home/atoz/ros2_ws/install/my_robot_gazebo/share/my_robot_gazebo/urdf
[0.209s] -- Up-to-date: /home/atoz/ros2_ws/install/my_robot_gazebo/share/my_robot_gazebo/urdf/my_robot.urdf
[0.209s] -- Up-to-date: /home/atoz/ros2_ws/install/my_robot_gazebo/share/my_robot_gazebo/worlds
[0.209s] -- Up-to-date: /home/atoz/ros2_ws/install/my_robot_gazebo/share/my_robot_gazebo/worlds/my_world.world
[0.209s] -- Up-to-date: /home/atoz/ros2_ws/install/my_robot_gazebo/share/ament_index/resource_index/package_run_dependencies/my_robot_gazebo
[0.209s] -- Up-to-date: /home/atoz/ros2_ws/install/my_robot_gazebo/share/ament_index/resource_index/parent_prefix_path/my_robot_gazebo
[0.209s] -- Up-to-date: /home/atoz/ros2_ws/install/my_robot_gazebo/share/my_robot_gazebo/environment/ament_prefix_path.sh
[0.209s] -- Up-to-date: /home/atoz/ros2_ws/install/my_robot_gazebo/share/my_robot_gazebo/environment/ament_prefix_path.dsv
[0.209s] -- Up-to-date: /home/atoz/ros2_ws/install/my_robot_gazebo/share/my_robot_gazebo/environment/path.sh
[0.209s] -- Up-to-date: /home/atoz/ros2_ws/install/my_robot_gazebo/share/my_robot_gazebo/environment/path.dsv
[0.209s] -- Up-to-date: /home/atoz/ros2_ws/install/my_robot_gazebo/share/my_robot_gazebo/local_setup.bash
[0.209s] -- Up-to-date: /home/atoz/ros2_ws/install/my_robot_gazebo/share/my_robot_gazebo/local_setup.sh
[0.209s] -- Up-to-date: /home/atoz/ros2_ws/install/my_robot_gazebo/share/my_robot_gazebo/local_setup.zsh
[0.209s] -- Up-to-date: /home/atoz/ros2_ws/install/my_robot_gazebo/share/my_robot_gazebo/local_setup.dsv
[0.209s] -- Up-to-date: /home/atoz/ros2_ws/install/my_robot_gazebo/share/my_robot_gazebo/package.dsv
[0.209s] -- Up-to-date: /home/atoz/ros2_ws/install/my_robot_gazebo/share/ament_index/resource_index/packages/my_robot_gazebo
[0.209s] -- Up-to-date: /home/atoz/ros2_ws/install/my_robot_gazebo/share/my_robot_gazebo/cmake/my_robot_gazeboConfig.cmake
[0.209s] -- Up-to-date: /home/atoz/ros2_ws/install/my_robot_gazebo/share/my_robot_gazebo/cmake/my_robot_gazeboConfig-version.cmake
[0.209s] -- Up-to-date: /home/atoz/ros2_ws/install/my_robot_gazebo/share/my_robot_gazebo/package.xml
[0.210s] Invoked command in '/home/atoz/ros2_ws/build/my_robot_gazebo' returned '0': CMAKE_PREFIX_PATH=${CMAKE_PREFIX_PATH}:/home/atoz/ros2_ws/install/my_robot_sim:/opt/ros/humble /usr/bin/cmake --install /home/atoz/ros2_ws/build/my_robot_gazebo
